Build started 17/12/2015 01:05:31.
     1>Project "D:\Dropbox Disk\Dropbox\CSC8503 Framework\CSC8503 Framework\Game Technologies\Tutorial1 - Integration\Tutorial1 - Integration.vcxproj" on node 2 (Build target(s)).
     1>ClCompile:
         D:\Program Files (x86)\Microsoft Visual Studio 12.0\VC\bin\CL.exe /c /ZI /nologo /W3 /WX- /sdl /Od /Oy- /D _MBCS /Gm /EHsc /RTC1 /MDd /GS /fp:precise /Zc:wchar_t /Zc:forScope /Fo"Debug\\" /Fd"Debug\vc120.pdb" /Gd /TP /analyze- /errorReport:prompt MyScene.cpp main.cpp
         main.cpp
         MyScene.cpp
         Generating Code...
       Link:
         D:\Program Files (x86)\Microsoft Visual Studio 12.0\VC\bin\link.exe /ERRORREPORT:PROMPT /OUT:"D:\Dropbox Disk\Dropbox\CSC8503 Framework\CSC8503 Framework\Game Technologies\Debug\Tutorial1 - Integration.exe" /INCREMENTAL /NOLOGO ncltech.lib nclgl.lib kernel32.lib user32.lib gdi32.lib winspool.lib comdlg32.lib advapi32.lib shell32.lib ole32.lib oleaut32.lib uuid.lib odbc32.lib odbccp32.lib kernel32.lib user32.lib gdi32.lib winspool.lib comdlg32.lib advapi32.lib shell32.lib ole32.lib oleaut32.lib uuid.lib odbc32.lib odbccp32.lib /MANIFEST /MANIFESTUAC:"level='asInvoker' uiAccess='false'" /manifest:embed /DEBUG /PDB:"D:\Dropbox Disk\Dropbox\CSC8503 Framework\CSC8503 Framework\Game Technologies\Debug\Tutorial1 - Integration.pdb" /TLBID:1 /DYNAMICBASE /NXCOMPAT /IMPLIB:"D:\Dropbox Disk\Dropbox\CSC8503 Framework\CSC8503 Framework\Game Technologies\Debug\Tutorial1 - Integration.lib" /MACHINE:X86 Debug\main.obj
         Debug\MyScene.obj
     1>ncltech.lib(NCLDebug.obj) : warning LNK4049: locally defined symbol ___glewActiveTexture imported
     1>ncltech.lib(NCLDebug.obj) : warning LNK4049: locally defined symbol ___glewBindBuffer imported
     1>ncltech.lib(NCLDebug.obj) : warning LNK4049: locally defined symbol ___glewBufferData imported
     1>ncltech.lib(NCLDebug.obj) : warning LNK4049: locally defined symbol ___glewBufferSubData imported
     1>ncltech.lib(NCLDebug.obj) : warning LNK4049: locally defined symbol ___glewDeleteBuffers imported
     1>ncltech.lib(NCLDebug.obj) : warning LNK4049: locally defined symbol ___glewGenBuffers imported
     1>ncltech.lib(NCLDebug.obj) : warning LNK4049: locally defined symbol ___glewEnableVertexAttribArray imported
     1>ncltech.lib(NCLDebug.obj) : warning LNK4049: locally defined symbol ___glewGetUniformLocation imported
     1>ncltech.lib(Scene.obj) : warning LNK4049: locally defined symbol ___glewGetUniformLocation imported
     1>ncltech.lib(NCLDebug.obj) : warning LNK4049: locally defined symbol ___glewUniform1f imported
     1>ncltech.lib(Scene.obj) : warning LNK4049: locally defined symbol ___glewUniform1f imported
     1>ncltech.lib(NCLDebug.obj) : warning LNK4049: locally defined symbol ___glewUniform1i imported
     1>ncltech.lib(Scene.obj) : warning LNK4049: locally defined symbol ___glewUniform1i imported
     1>ncltech.lib(NCLDebug.obj) : warning LNK4049: locally defined symbol ___glewUniformMatrix4fv imported
     1>ncltech.lib(Scene.obj) : warning LNK4049: locally defined symbol ___glewUniformMatrix4fv imported
     1>ncltech.lib(NCLDebug.obj) : warning LNK4049: locally defined symbol ___glewUseProgram imported
     1>ncltech.lib(Scene.obj) : warning LNK4049: locally defined symbol ___glewUseProgram imported
     1>ncltech.lib(NCLDebug.obj) : warning LNK4049: locally defined symbol ___glewVertexAttribPointer imported
     1>ncltech.lib(NCLDebug.obj) : warning LNK4049: locally defined symbol ___glewBindVertexArray imported
     1>ncltech.lib(NCLDebug.obj) : warning LNK4049: locally defined symbol ___glewDeleteVertexArrays imported
     1>ncltech.lib(NCLDebug.obj) : warning LNK4049: locally defined symbol ___glewGenVertexArrays imported
     1>ncltech.lib(Scene.obj) : warning LNK4049: locally defined symbol ___glewStencilOpSeparate imported
     1>ncltech.lib(Scene.obj) : warning LNK4049: locally defined symbol ___glewUniform3fv imported
     1>ncltech.lib(Scene.obj) : warning LNK4049: locally defined symbol ___glewUniform4fv imported
     1>ncltech.lib(Scene.obj) : warning LNK4049: locally defined symbol ___glewBindFramebuffer imported
     1>ncltech.lib(Scene.obj) : warning LNK4049: locally defined symbol ___glewBlitFramebuffer imported
     1>ncltech.lib(Scene.obj) : warning LNK4049: locally defined symbol ___glewCheckFramebufferStatus imported
     1>ncltech.lib(Scene.obj) : warning LNK4049: locally defined symbol ___glewDeleteFramebuffers imported
     1>ncltech.lib(Scene.obj) : warning LNK4049: locally defined symbol ___glewFramebufferTexture2D imported
     1>ncltech.lib(Scene.obj) : warning LNK4049: locally defined symbol ___glewGenFramebuffers imported
     1>ncltech.lib(Scene.obj) : warning LNK4049: locally defined symbol ___glewTexImage2DMultisample imported
     1>glew32.lib(glew.obj) : warning LNK4099: PDB 'vc120.pdb' was not found with 'glew32.lib(glew.obj)' or at 'D:\Dropbox Disk\Dropbox\CSC8503 Framework\CSC8503 Framework\Game Technologies\Debug\vc120.pdb'; linking object as if no debug info
     1>SOIL.lib(image_DXT.obj) : warning LNK4099: PDB 'vc120.pdb' was not found with 'SOIL.lib(image_DXT.obj)' or at 'D:\Dropbox Disk\Dropbox\CSC8503 Framework\CSC8503 Framework\Game Technologies\Debug\vc120.pdb'; linking object as if no debug info
     1>SOIL.lib(image_helper.obj) : warning LNK4099: PDB 'vc120.pdb' was not found with 'SOIL.lib(image_helper.obj)' or at 'D:\Dropbox Disk\Dropbox\CSC8503 Framework\CSC8503 Framework\Game Technologies\Debug\vc120.pdb'; linking object as if no debug info
     1>SOIL.lib(SOIL.obj) : warning LNK4099: PDB 'vc120.pdb' was not found with 'SOIL.lib(SOIL.obj)' or at 'D:\Dropbox Disk\Dropbox\CSC8503 Framework\CSC8503 Framework\Game Technologies\Debug\vc120.pdb'; linking object as if no debug info
     1>SOIL.lib(stb_image_aug.obj) : warning LNK4099: PDB 'vc120.pdb' was not found with 'SOIL.lib(stb_image_aug.obj)' or at 'D:\Dropbox Disk\Dropbox\CSC8503 Framework\CSC8503 Framework\Game Technologies\Debug\vc120.pdb'; linking object as if no debug info
         Tutorial1 - Integration.vcxproj -> D:\Dropbox Disk\Dropbox\CSC8503 Framework\CSC8503 Framework\Game Technologies\Debug\Tutorial1 - Integration.exe
     1>Done Building Project "D:\Dropbox Disk\Dropbox\CSC8503 Framework\CSC8503 Framework\Game Technologies\Tutorial1 - Integration\Tutorial1 - Integration.vcxproj" (Build target(s)).

Build succeeded.

Time Elapsed 00:00:02.27
