c:\users\b2029074\desktop\team-project-newcastle-eric(1)\team-project-newcastle-eric\team-project-newcastle-eric-test-1\team-project-newcastle-eric-test-1\gametechcw\ncltech\debug\vc120.pdb
c:\users\b2029074\desktop\team-project-newcastle-eric(1)\team-project-newcastle-eric\team-project-newcastle-eric-test-1\team-project-newcastle-eric-test-1\gametechcw\ncltech\debug\vc120.idb
c:\users\b2029074\desktop\team-project-newcastle-eric(1)\team-project-newcastle-eric\team-project-newcastle-eric-test-1\team-project-newcastle-eric-test-1\gametechcw\ncltech\debug\actionhandler.obj
c:\users\b2029074\desktop\team-project-newcastle-eric(1)\team-project-newcastle-eric\team-project-newcastle-eric-test-1\team-project-newcastle-eric-test-1\gametechcw\ncltech\debug\arbitraryai.obj
c:\users\b2029074\desktop\team-project-newcastle-eric(1)\team-project-newcastle-eric\team-project-newcastle-eric-test-1\team-project-newcastle-eric-test-1\gametechcw\ncltech\debug\assetsmanager.obj
c:\users\b2029074\desktop\team-project-newcastle-eric(1)\team-project-newcastle-eric\team-project-newcastle-eric-test-1\team-project-newcastle-eric-test-1\gametechcw\ncltech\debug\collisiondetection.obj
c:\users\b2029074\desktop\team-project-newcastle-eric(1)\team-project-newcastle-eric\team-project-newcastle-eric-test-1\team-project-newcastle-eric-test-1\gametechcw\ncltech\debug\constraint.obj
c:\users\b2029074\desktop\team-project-newcastle-eric(1)\team-project-newcastle-eric\team-project-newcastle-eric-test-1\team-project-newcastle-eric-test-1\gametechcw\ncltech\debug\cuboidcollisionshape.obj
c:\users\b2029074\desktop\team-project-newcastle-eric(1)\team-project-newcastle-eric\team-project-newcastle-eric-test-1\team-project-newcastle-eric-test-1\gametechcw\ncltech\debug\gameobjectmag.obj
c:\users\b2029074\desktop\team-project-newcastle-eric(1)\team-project-newcastle-eric\team-project-newcastle-eric-test-1\team-project-newcastle-eric-test-1\gametechcw\ncltech\debug\guardstate.obj
c:\users\b2029074\desktop\team-project-newcastle-eric(1)\team-project-newcastle-eric\team-project-newcastle-eric-test-1\team-project-newcastle-eric-test-1\gametechcw\ncltech\debug\homestate.obj
c:\users\b2029074\desktop\team-project-newcastle-eric(1)\team-project-newcastle-eric\team-project-newcastle-eric-test-1\team-project-newcastle-eric-test-1\gametechcw\ncltech\debug\ncldebug.obj
c:\users\b2029074\desktop\team-project-newcastle-eric(1)\team-project-newcastle-eric\team-project-newcastle-eric-test-1\team-project-newcastle-eric-test-1\gametechcw\ncltech\debug\gameobject.obj
c:\users\b2029074\desktop\team-project-newcastle-eric(1)\team-project-newcastle-eric\team-project-newcastle-eric-test-1\team-project-newcastle-eric-test-1\gametechcw\ncltech\debug\hull.obj
c:\users\b2029074\desktop\team-project-newcastle-eric(1)\team-project-newcastle-eric\team-project-newcastle-eric-test-1\team-project-newcastle-eric-test-1\gametechcw\ncltech\debug\manifold.obj
c:\users\b2029074\desktop\team-project-newcastle-eric(1)\team-project-newcastle-eric\team-project-newcastle-eric-test-1\team-project-newcastle-eric-test-1\gametechcw\ncltech\debug\offstate.obj
c:\users\b2029074\desktop\team-project-newcastle-eric(1)\team-project-newcastle-eric\team-project-newcastle-eric-test-1\team-project-newcastle-eric-test-1\gametechcw\ncltech\debug\physicsengine.obj
c:\users\b2029074\desktop\team-project-newcastle-eric(1)\team-project-newcastle-eric\team-project-newcastle-eric-test-1\team-project-newcastle-eric-test-1\gametechcw\ncltech\debug\physicsobject.obj
c:\users\b2029074\desktop\team-project-newcastle-eric(1)\team-project-newcastle-eric\team-project-newcastle-eric-test-1\team-project-newcastle-eric-test-1\gametechcw\ncltech\debug\player.obj
c:\users\b2029074\desktop\team-project-newcastle-eric(1)\team-project-newcastle-eric\team-project-newcastle-eric-test-1\team-project-newcastle-eric-test-1\gametechcw\ncltech\debug\scene.obj
c:\users\b2029074\desktop\team-project-newcastle-eric(1)\team-project-newcastle-eric\team-project-newcastle-eric-test-1\team-project-newcastle-eric-test-1\gametechcw\ncltech\debug\simplemeshobject.obj
c:\users\b2029074\desktop\team-project-newcastle-eric(1)\team-project-newcastle-eric\team-project-newcastle-eric-test-1\team-project-newcastle-eric-test-1\gametechcw\ncltech\debug\spherecollisionshape.obj
d:\team project\team-project-newcastle\team-project-newcastle-joe\team-project-newcastle-joe\team-project-newcastle-joe\team-project-newcastle-joe\gametechcw\ncltech\debug\vc120.pdb
d:\team project\team-project-newcastle\team-project-newcastle-joe\team-project-newcastle-joe\team-project-newcastle-joe\team-project-newcastle-joe\gametechcw\ncltech\debug\vc120.idb
d:\team project\team-project-newcastle\team-project-newcastle-joe\team-project-newcastle-joe\team-project-newcastle-joe\team-project-newcastle-joe\gametechcw\ncltech\debug\actionhandler.obj
d:\team project\team-project-newcastle\team-project-newcastle-joe\team-project-newcastle-joe\team-project-newcastle-joe\team-project-newcastle-joe\gametechcw\ncltech\debug\arbitraryai.obj
d:\team project\team-project-newcastle\team-project-newcastle-joe\team-project-newcastle-joe\team-project-newcastle-joe\team-project-newcastle-joe\gametechcw\ncltech\debug\assetsmanager.obj
d:\team project\team-project-newcastle\team-project-newcastle-joe\team-project-newcastle-joe\team-project-newcastle-joe\team-project-newcastle-joe\gametechcw\ncltech\debug\collisiondetection.obj
d:\team project\team-project-newcastle\team-project-newcastle-joe\team-project-newcastle-joe\team-project-newcastle-joe\team-project-newcastle-joe\gametechcw\ncltech\debug\constraint.obj
d:\team project\team-project-newcastle\team-project-newcastle-joe\team-project-newcastle-joe\team-project-newcastle-joe\team-project-newcastle-joe\gametechcw\ncltech\debug\cuboidcollisionshape.obj
d:\team project\team-project-newcastle\team-project-newcastle-joe\team-project-newcastle-joe\team-project-newcastle-joe\team-project-newcastle-joe\gametechcw\ncltech\debug\gameobjectmag.obj
d:\team project\team-project-newcastle\team-project-newcastle-joe\team-project-newcastle-joe\team-project-newcastle-joe\team-project-newcastle-joe\gametechcw\ncltech\debug\guardstate.obj
d:\team project\team-project-newcastle\team-project-newcastle-joe\team-project-newcastle-joe\team-project-newcastle-joe\team-project-newcastle-joe\gametechcw\ncltech\debug\homestate.obj
d:\team project\team-project-newcastle\team-project-newcastle-joe\team-project-newcastle-joe\team-project-newcastle-joe\team-project-newcastle-joe\gametechcw\ncltech\debug\ncldebug.obj
d:\team project\team-project-newcastle\team-project-newcastle-joe\team-project-newcastle-joe\team-project-newcastle-joe\team-project-newcastle-joe\gametechcw\ncltech\debug\gameobject.obj
d:\team project\team-project-newcastle\team-project-newcastle-joe\team-project-newcastle-joe\team-project-newcastle-joe\team-project-newcastle-joe\gametechcw\ncltech\debug\hull.obj
d:\team project\team-project-newcastle\team-project-newcastle-joe\team-project-newcastle-joe\team-project-newcastle-joe\team-project-newcastle-joe\gametechcw\ncltech\debug\manifold.obj
d:\team project\team-project-newcastle\team-project-newcastle-joe\team-project-newcastle-joe\team-project-newcastle-joe\team-project-newcastle-joe\gametechcw\ncltech\debug\offstate.obj
d:\team project\team-project-newcastle\team-project-newcastle-joe\team-project-newcastle-joe\team-project-newcastle-joe\team-project-newcastle-joe\gametechcw\ncltech\debug\physicsengine.obj
d:\team project\team-project-newcastle\team-project-newcastle-joe\team-project-newcastle-joe\team-project-newcastle-joe\team-project-newcastle-joe\gametechcw\ncltech\debug\physicsobject.obj
d:\team project\team-project-newcastle\team-project-newcastle-joe\team-project-newcastle-joe\team-project-newcastle-joe\team-project-newcastle-joe\gametechcw\ncltech\debug\player.obj
d:\team project\team-project-newcastle\team-project-newcastle-joe\team-project-newcastle-joe\team-project-newcastle-joe\team-project-newcastle-joe\gametechcw\ncltech\debug\scene.obj
d:\team project\team-project-newcastle\team-project-newcastle-joe\team-project-newcastle-joe\team-project-newcastle-joe\team-project-newcastle-joe\gametechcw\ncltech\debug\simplemeshobject.obj
d:\team project\team-project-newcastle\team-project-newcastle-joe\team-project-newcastle-joe\team-project-newcastle-joe\team-project-newcastle-joe\gametechcw\ncltech\debug\spherecollisionshape.obj
c:\users\b2029074\desktop\team-project-newcastle-eric(1)\team-project-newcastle-eric\team-project-newcastle-eric-test-1\team-project-newcastle-eric-test-1\gametechcw\gametechnologies\debug\ncltech.lib
d:\team project\team-project-newcastle\team-project-newcastle-joe\team-project-newcastle-joe\team-project-newcastle-joe\team-project-newcastle-joe\gametechcw\gametechnologies\debug\ncltech.lib
d:\team project\team-project-newcastle\team-project-newcastle-joe\team-project-newcastle-joe\team-project-newcastle-joe\team-project-newcastle-joe\gametechcw\ncltech\debug\ncltech.tlog\cl.command.1.tlog
d:\team project\team-project-newcastle\team-project-newcastle-joe\team-project-newcastle-joe\team-project-newcastle-joe\team-project-newcastle-joe\gametechcw\ncltech\debug\ncltech.tlog\cl.read.1.tlog
d:\team project\team-project-newcastle\team-project-newcastle-joe\team-project-newcastle-joe\team-project-newcastle-joe\team-project-newcastle-joe\gametechcw\ncltech\debug\ncltech.tlog\cl.write.1.tlog
d:\team project\team-project-newcastle\team-project-newcastle-joe\team-project-newcastle-joe\team-project-newcastle-joe\team-project-newcastle-joe\gametechcw\ncltech\debug\ncltech.tlog\lib-link.read.1.tlog
d:\team project\team-project-newcastle\team-project-newcastle-joe\team-project-newcastle-joe\team-project-newcastle-joe\team-project-newcastle-joe\gametechcw\ncltech\debug\ncltech.tlog\lib-link.write.1.tlog
d:\team project\team-project-newcastle\team-project-newcastle-joe\team-project-newcastle-joe\team-project-newcastle-joe\team-project-newcastle-joe\gametechcw\ncltech\debug\ncltech.tlog\lib.command.1.tlog
