Build started 3/1/2016 3:11:07 PM.
     1>Project "D:\GIthub\Team-Project-Newcastle\GameTechCW\ncltech\ncltech.vcxproj" on node 2 (Build target(s)).
     1>C:\Program Files (x86)\MSBuild\Microsoft.Cpp\v4.0\V120\Microsoft.CppBuild.targets(381,5): warning MSB8028: The intermediate directory (Debug\) contains files shared from another project (ncltech.vcxproj).  This can lead to incorrect clean and rebuild behavior.
     1>Lib:
         C:\Program Files (x86)\Microsoft Visual Studio 12.0\VC\bin\Lib.exe /OUT:"D:\GIthub\Team-Project-Newcastle\GameTechCW\GameTechnologies\Debug\Physics.lib" /NOLOGO Debug\Network.obj
         Debug\Server.obj
         Debug\Client.obj
         Debug\ActionHandler.obj
         Debug\ArbitraryAI.obj
         Debug\AssetsManager.obj
         Debug\CollisionDetection.obj
         Debug\Constraint.obj
         Debug\CuboidCollisionShape.obj
         Debug\CylinderCollisionShape.obj
         Debug\GameObjectMag.obj
         Debug\GuardState.obj
         Debug\HomeState.obj
         Debug\NCLDebug.obj
         Debug\GameObject.obj
         Debug\Hull.obj
         Debug\Manifold.obj
         Debug\OffState.obj
         Debug\PhysicsEngine.obj
         Debug\PhysicsObject.obj
         Debug\PiramidCollisionShape.obj
         Debug\Player.obj
         Debug\Scene.obj
         Debug\SimpleMeshObject.obj
         Debug\SphereCollisionShape.obj
         ncltech.vcxproj -> D:\GIthub\Team-Project-Newcastle\GameTechCW\GameTechnologies\Debug\Physics.lib
     1>Done Building Project "D:\GIthub\Team-Project-Newcastle\GameTechCW\ncltech\ncltech.vcxproj" (Build target(s)).

Build succeeded.

Time Elapsed 00:00:00.12
