d:\github\team-project-newcastle\gametechcw\ncltech\debug\vc120.pdb
d:\github\team-project-newcastle\gametechcw\ncltech\debug\vc120.idb
d:\github\team-project-newcastle\gametechcw\ncltech\debug\client.obj
d:\github\team-project-newcastle\gametechcw\ncltech\debug\actionhandler.obj
d:\github\team-project-newcastle\gametechcw\ncltech\debug\gameobjectmag.obj
d:\github\team-project-newcastle\gametechcw\gametechnologies\debug\physics.lib
d:\github\team-project-newcastle\gametechcw\ncltech\debug\arbitraryai.obj
d:\github\team-project-newcastle\gametechcw\ncltech\debug\assetsmanager.obj
d:\github\team-project-newcastle\gametechcw\ncltech\debug\collisiondetection.obj
d:\github\team-project-newcastle\gametechcw\ncltech\debug\constraint.obj
d:\github\team-project-newcastle\gametechcw\ncltech\debug\cuboidcollisionshape.obj
d:\github\team-project-newcastle\gametechcw\ncltech\debug\cylindercollisionshape.obj
d:\github\team-project-newcastle\gametechcw\ncltech\debug\gameobject.obj
d:\github\team-project-newcastle\gametechcw\ncltech\debug\guardstate.obj
d:\github\team-project-newcastle\gametechcw\ncltech\debug\homestate.obj
d:\github\team-project-newcastle\gametechcw\ncltech\debug\hull.obj
d:\github\team-project-newcastle\gametechcw\ncltech\debug\manifold.obj
d:\github\team-project-newcastle\gametechcw\ncltech\debug\ncldebug.obj
d:\github\team-project-newcastle\gametechcw\ncltech\debug\network.obj
d:\github\team-project-newcastle\gametechcw\ncltech\debug\offstate.obj
d:\github\team-project-newcastle\gametechcw\ncltech\debug\physicsengine.obj
d:\github\team-project-newcastle\gametechcw\ncltech\debug\physicsobject.obj
d:\github\team-project-newcastle\gametechcw\ncltech\debug\piramidcollisionshape.obj
d:\github\team-project-newcastle\gametechcw\ncltech\debug\player.obj
d:\github\team-project-newcastle\gametechcw\ncltech\debug\pyramidcollisionshape.obj
d:\github\team-project-newcastle\gametechcw\ncltech\debug\scene.obj
d:\github\team-project-newcastle\gametechcw\ncltech\debug\server.obj
d:\github\team-project-newcastle\gametechcw\ncltech\debug\simplemeshobject.obj
d:\github\team-project-newcastle\gametechcw\ncltech\debug\spherecollisionshape.obj
d:\github\team-project-newcastle\gametechcw\ncltech\debug\physics.tlog\cl.command.1.tlog
d:\github\team-project-newcastle\gametechcw\ncltech\debug\physics.tlog\cl.read.1.tlog
d:\github\team-project-newcastle\gametechcw\ncltech\debug\physics.tlog\cl.write.1.tlog
d:\github\team-project-newcastle\gametechcw\ncltech\debug\physics.tlog\lib-link.read.1.tlog
d:\github\team-project-newcastle\gametechcw\ncltech\debug\physics.tlog\lib-link.write.1.tlog
d:\github\team-project-newcastle\gametechcw\ncltech\debug\physics.tlog\lib.command.1.tlog
