c:\users\b2029074\desktop\team-project-newcastle-eric(1)\team-project-newcastle-eric\team-project-newcastle-eric-test-1\team-project-newcastle-eric-test-1\gametechcw\nclgl\debug\vc120.pdb
c:\users\b2029074\desktop\team-project-newcastle-eric(1)\team-project-newcastle-eric\team-project-newcastle-eric-test-1\team-project-newcastle-eric-test-1\gametechcw\nclgl\debug\vc120.idb
c:\users\b2029074\desktop\team-project-newcastle-eric(1)\team-project-newcastle-eric\team-project-newcastle-eric-test-1\team-project-newcastle-eric-test-1\gametechcw\nclgl\debug\camera.obj
c:\users\b2029074\desktop\team-project-newcastle-eric(1)\team-project-newcastle-eric\team-project-newcastle-eric-test-1\team-project-newcastle-eric-test-1\gametechcw\nclgl\debug\cuberobot.obj
c:\users\b2029074\desktop\team-project-newcastle-eric(1)\team-project-newcastle-eric\team-project-newcastle-eric-test-1\team-project-newcastle-eric-test-1\gametechcw\nclgl\debug\frustum.obj
c:\users\b2029074\desktop\team-project-newcastle-eric(1)\team-project-newcastle-eric\team-project-newcastle-eric-test-1\team-project-newcastle-eric-test-1\gametechcw\nclgl\debug\gametimer.obj
c:\users\b2029074\desktop\team-project-newcastle-eric(1)\team-project-newcastle-eric\team-project-newcastle-eric-test-1\team-project-newcastle-eric-test-1\gametechcw\nclgl\debug\keyboard.obj
c:\users\b2029074\desktop\team-project-newcastle-eric(1)\team-project-newcastle-eric\team-project-newcastle-eric-test-1\team-project-newcastle-eric-test-1\gametechcw\nclgl\debug\matrix3.obj
c:\users\b2029074\desktop\team-project-newcastle-eric(1)\team-project-newcastle-eric\team-project-newcastle-eric-test-1\team-project-newcastle-eric-test-1\gametechcw\nclgl\debug\matrix4.obj
c:\users\b2029074\desktop\team-project-newcastle-eric(1)\team-project-newcastle-eric\team-project-newcastle-eric-test-1\team-project-newcastle-eric-test-1\gametechcw\nclgl\debug\md5anim.obj
c:\users\b2029074\desktop\team-project-newcastle-eric(1)\team-project-newcastle-eric\team-project-newcastle-eric-test-1\team-project-newcastle-eric-test-1\gametechcw\nclgl\debug\md5filedata.obj
c:\users\b2029074\desktop\team-project-newcastle-eric(1)\team-project-newcastle-eric\team-project-newcastle-eric-test-1\team-project-newcastle-eric-test-1\gametechcw\nclgl\debug\md5mesh.obj
c:\users\b2029074\desktop\team-project-newcastle-eric(1)\team-project-newcastle-eric\team-project-newcastle-eric-test-1\team-project-newcastle-eric-test-1\gametechcw\nclgl\debug\md5node.obj
c:\users\b2029074\desktop\team-project-newcastle-eric(1)\team-project-newcastle-eric\team-project-newcastle-eric-test-1\team-project-newcastle-eric-test-1\gametechcw\nclgl\debug\mesh.obj
c:\users\b2029074\desktop\team-project-newcastle-eric(1)\team-project-newcastle-eric\team-project-newcastle-eric-test-1\team-project-newcastle-eric-test-1\gametechcw\nclgl\debug\mouse.obj
c:\users\b2029074\desktop\team-project-newcastle-eric(1)\team-project-newcastle-eric\team-project-newcastle-eric-test-1\team-project-newcastle-eric-test-1\gametechcw\nclgl\debug\objmesh.obj
c:\users\b2029074\desktop\team-project-newcastle-eric(1)\team-project-newcastle-eric\team-project-newcastle-eric-test-1\team-project-newcastle-eric-test-1\gametechcw\nclgl\debug\oglrenderer.obj
c:\users\b2029074\desktop\team-project-newcastle-eric(1)\team-project-newcastle-eric\team-project-newcastle-eric-test-1\team-project-newcastle-eric-test-1\gametechcw\nclgl\debug\plane.obj
c:\users\b2029074\desktop\team-project-newcastle-eric(1)\team-project-newcastle-eric\team-project-newcastle-eric-test-1\team-project-newcastle-eric-test-1\gametechcw\nclgl\debug\quaternion.obj
c:\users\b2029074\desktop\team-project-newcastle-eric(1)\team-project-newcastle-eric\team-project-newcastle-eric-test-1\team-project-newcastle-eric-test-1\gametechcw\nclgl\debug\scenenode.obj
c:\users\b2029074\desktop\team-project-newcastle-eric(1)\team-project-newcastle-eric\team-project-newcastle-eric-test-1\team-project-newcastle-eric-test-1\gametechcw\nclgl\debug\shader.obj
c:\users\b2029074\desktop\team-project-newcastle-eric(1)\team-project-newcastle-eric\team-project-newcastle-eric-test-1\team-project-newcastle-eric-test-1\gametechcw\nclgl\debug\window.obj
d:\team project\team-project-newcastle\team-project-newcastle-joe\team-project-newcastle-joe\team-project-newcastle-joe\team-project-newcastle-joe\gametechcw\nclgl\debug\vc120.pdb
d:\team project\team-project-newcastle\team-project-newcastle-joe\team-project-newcastle-joe\team-project-newcastle-joe\team-project-newcastle-joe\gametechcw\nclgl\debug\vc120.idb
d:\team project\team-project-newcastle\team-project-newcastle-joe\team-project-newcastle-joe\team-project-newcastle-joe\team-project-newcastle-joe\gametechcw\nclgl\debug\camera.obj
d:\team project\team-project-newcastle\team-project-newcastle-joe\team-project-newcastle-joe\team-project-newcastle-joe\team-project-newcastle-joe\gametechcw\nclgl\debug\cuberobot.obj
d:\team project\team-project-newcastle\team-project-newcastle-joe\team-project-newcastle-joe\team-project-newcastle-joe\team-project-newcastle-joe\gametechcw\nclgl\debug\frustum.obj
d:\team project\team-project-newcastle\team-project-newcastle-joe\team-project-newcastle-joe\team-project-newcastle-joe\team-project-newcastle-joe\gametechcw\nclgl\debug\gametimer.obj
d:\team project\team-project-newcastle\team-project-newcastle-joe\team-project-newcastle-joe\team-project-newcastle-joe\team-project-newcastle-joe\gametechcw\nclgl\debug\keyboard.obj
d:\team project\team-project-newcastle\team-project-newcastle-joe\team-project-newcastle-joe\team-project-newcastle-joe\team-project-newcastle-joe\gametechcw\nclgl\debug\matrix3.obj
d:\team project\team-project-newcastle\team-project-newcastle-joe\team-project-newcastle-joe\team-project-newcastle-joe\team-project-newcastle-joe\gametechcw\nclgl\debug\matrix4.obj
d:\team project\team-project-newcastle\team-project-newcastle-joe\team-project-newcastle-joe\team-project-newcastle-joe\team-project-newcastle-joe\gametechcw\nclgl\debug\md5anim.obj
d:\team project\team-project-newcastle\team-project-newcastle-joe\team-project-newcastle-joe\team-project-newcastle-joe\team-project-newcastle-joe\gametechcw\nclgl\debug\md5filedata.obj
d:\team project\team-project-newcastle\team-project-newcastle-joe\team-project-newcastle-joe\team-project-newcastle-joe\team-project-newcastle-joe\gametechcw\nclgl\debug\md5mesh.obj
d:\team project\team-project-newcastle\team-project-newcastle-joe\team-project-newcastle-joe\team-project-newcastle-joe\team-project-newcastle-joe\gametechcw\nclgl\debug\md5node.obj
d:\team project\team-project-newcastle\team-project-newcastle-joe\team-project-newcastle-joe\team-project-newcastle-joe\team-project-newcastle-joe\gametechcw\nclgl\debug\mesh.obj
d:\team project\team-project-newcastle\team-project-newcastle-joe\team-project-newcastle-joe\team-project-newcastle-joe\team-project-newcastle-joe\gametechcw\nclgl\debug\mouse.obj
d:\team project\team-project-newcastle\team-project-newcastle-joe\team-project-newcastle-joe\team-project-newcastle-joe\team-project-newcastle-joe\gametechcw\nclgl\debug\objmesh.obj
d:\team project\team-project-newcastle\team-project-newcastle-joe\team-project-newcastle-joe\team-project-newcastle-joe\team-project-newcastle-joe\gametechcw\nclgl\debug\oglrenderer.obj
d:\team project\team-project-newcastle\team-project-newcastle-joe\team-project-newcastle-joe\team-project-newcastle-joe\team-project-newcastle-joe\gametechcw\nclgl\debug\plane.obj
d:\team project\team-project-newcastle\team-project-newcastle-joe\team-project-newcastle-joe\team-project-newcastle-joe\team-project-newcastle-joe\gametechcw\nclgl\debug\quaternion.obj
d:\team project\team-project-newcastle\team-project-newcastle-joe\team-project-newcastle-joe\team-project-newcastle-joe\team-project-newcastle-joe\gametechcw\nclgl\debug\scenenode.obj
d:\team project\team-project-newcastle\team-project-newcastle-joe\team-project-newcastle-joe\team-project-newcastle-joe\team-project-newcastle-joe\gametechcw\nclgl\debug\shader.obj
d:\team project\team-project-newcastle\team-project-newcastle-joe\team-project-newcastle-joe\team-project-newcastle-joe\team-project-newcastle-joe\gametechcw\nclgl\debug\window.obj
c:\users\b2029074\desktop\team-project-newcastle-eric(1)\team-project-newcastle-eric\team-project-newcastle-eric-test-1\team-project-newcastle-eric-test-1\gametechcw\gametechnologies\debug\nclgl.lib
d:\team project\team-project-newcastle\team-project-newcastle-joe\team-project-newcastle-joe\team-project-newcastle-joe\team-project-newcastle-joe\gametechcw\gametechnologies\debug\nclgl.lib
d:\team project\team-project-newcastle\team-project-newcastle-joe\team-project-newcastle-joe\team-project-newcastle-joe\team-project-newcastle-joe\gametechcw\nclgl\debug\nclgl.tlog\cl.command.1.tlog
d:\team project\team-project-newcastle\team-project-newcastle-joe\team-project-newcastle-joe\team-project-newcastle-joe\team-project-newcastle-joe\gametechcw\nclgl\debug\nclgl.tlog\cl.read.1.tlog
d:\team project\team-project-newcastle\team-project-newcastle-joe\team-project-newcastle-joe\team-project-newcastle-joe\team-project-newcastle-joe\gametechcw\nclgl\debug\nclgl.tlog\cl.write.1.tlog
d:\team project\team-project-newcastle\team-project-newcastle-joe\team-project-newcastle-joe\team-project-newcastle-joe\team-project-newcastle-joe\gametechcw\nclgl\debug\nclgl.tlog\lib-link.read.1.tlog
d:\team project\team-project-newcastle\team-project-newcastle-joe\team-project-newcastle-joe\team-project-newcastle-joe\team-project-newcastle-joe\gametechcw\nclgl\debug\nclgl.tlog\lib-link.write.1.tlog
d:\team project\team-project-newcastle\team-project-newcastle-joe\team-project-newcastle-joe\team-project-newcastle-joe\team-project-newcastle-joe\gametechcw\nclgl\debug\nclgl.tlog\lib.command.1.tlog
