d:\github\team-project-newcastle\gametechcw\nclgl\debug\vc120.pdb
d:\github\team-project-newcastle\gametechcw\gametechnologies\debug\opengl.lib
d:\github\team-project-newcastle\gametechcw\nclgl\debug\camera.obj
d:\github\team-project-newcastle\gametechcw\nclgl\debug\cuberobot.obj
d:\github\team-project-newcastle\gametechcw\nclgl\debug\frustum.obj
d:\github\team-project-newcastle\gametechcw\nclgl\debug\gametimer.obj
d:\github\team-project-newcastle\gametechcw\nclgl\debug\keyboard.obj
d:\github\team-project-newcastle\gametechcw\nclgl\debug\matrix3.obj
d:\github\team-project-newcastle\gametechcw\nclgl\debug\matrix4.obj
d:\github\team-project-newcastle\gametechcw\nclgl\debug\md5anim.obj
d:\github\team-project-newcastle\gametechcw\nclgl\debug\md5filedata.obj
d:\github\team-project-newcastle\gametechcw\nclgl\debug\md5mesh.obj
d:\github\team-project-newcastle\gametechcw\nclgl\debug\md5node.obj
d:\github\team-project-newcastle\gametechcw\nclgl\debug\mesh.obj
d:\github\team-project-newcastle\gametechcw\nclgl\debug\mouse.obj
d:\github\team-project-newcastle\gametechcw\nclgl\debug\objmesh.obj
d:\github\team-project-newcastle\gametechcw\nclgl\debug\oglrenderer.obj
d:\github\team-project-newcastle\gametechcw\nclgl\debug\plane.obj
d:\github\team-project-newcastle\gametechcw\nclgl\debug\quaternion.obj
d:\github\team-project-newcastle\gametechcw\nclgl\debug\scenenode.obj
d:\github\team-project-newcastle\gametechcw\nclgl\debug\shader.obj
d:\github\team-project-newcastle\gametechcw\nclgl\debug\window.obj
d:\github\team-project-newcastle\gametechcw\nclgl\debug\vc120.idb
d:\github\team-project-newcastle\gametechcw\nclgl\debug\opengl.tlog\cl.command.1.tlog
d:\github\team-project-newcastle\gametechcw\nclgl\debug\opengl.tlog\cl.write.1.tlog
d:\github\team-project-newcastle\gametechcw\nclgl\debug\opengl.tlog\lib-link.read.1.tlog
d:\github\team-project-newcastle\gametechcw\nclgl\debug\opengl.tlog\lib-link.write.1.tlog
d:\github\team-project-newcastle\gametechcw\nclgl\debug\opengl.tlog\lib.command.1.tlog
