Build started 3/8/2016 5:37:26 PM.
     1>Project "D:\GIthub\Team-Project-Newcastle\TeamProject\ncltech\ncltech.vcxproj" on node 2 (Build target(s)).
     1>ClCompile:
         C:\Program Files (x86)\Microsoft Visual Studio 12.0\VC\bin\CL.exe /c /ZI /nologo /W3 /WX- /sdl /Od /Oy- /D _MBCS /Gm /EHsc /RTC1 /MDd /GS /fp:precise /Zc:wchar_t /Zc:forScope /Fo"Debug\\" /Fd"Debug\vc120.pdb" /Gd /TP /analyze- /errorReport:prompt Constraint.cpp GameObjectMag.cpp PhysicsEngine.cpp
         PhysicsEngine.cpp
         GameObjectMag.cpp
     1>d:\github\team-project-newcastle\teamproject\ncltech\gameobjectmag.cpp(19): warning C4244: 'argument' : conversion from 'float' to 'int', possible loss of data
         Constraint.cpp
         Generating Code...
     1>d:\github\team-project-newcastle\teamproject\ncltech\physicsengine.cpp(333): warning C4715: 'PhysicsEngine::OctreeCheck' : not all control paths return a value
       Lib:
         C:\Program Files (x86)\Microsoft Visual Studio 12.0\VC\bin\Lib.exe /OUT:"D:\GIthub\Team-Project-Newcastle\TeamProject\GameTechnologies\Debug\ncltech.lib" /NOLOGO Debug\Network.obj
         Debug\Server.obj
         Debug\Client.obj
         Debug\ActionHandler.obj
         Debug\AggressiveAI.obj
         Debug\AssetsManager.obj
         Debug\Block.obj
         Debug\Chase.obj
         Debug\CollisionDetection.obj
         Debug\Constraint.obj
         Debug\CuboidCollisionShape.obj
         Debug\CylinderCollisionShape.obj
         Debug\Defend.obj
         Debug\DefensiveAI.obj
         Debug\Dribble.obj
         Debug\GameObjectMag.obj
         Debug\NCLDebug.obj
         Debug\GameObject.obj
         Debug\Hull.obj
         Debug\Manifold.obj
         Debug\NeutralAI.obj
         Debug\Patrol.obj
         Debug\PhysicsEngine.obj
         Debug\PhysicsObject.obj
         Debug\PiramidCollisionShape.obj
         Debug\Player.obj
         Debug\PowerUps.obj
         Debug\Punt.obj
         Debug\PuntPlayer.obj
         Debug\Retreat.obj
         Debug\Scene.obj
         Debug\SChase.obj
         Debug\SDefend.obj
         Debug\SDribble.obj
         Debug\SimpleMeshObject.obj
         Debug\SoloAI.obj
         Debug\SphereCollisionShape.obj
         Debug\SPunt.obj
         Debug\SRetreat.obj
         ncltech.vcxproj -> D:\GIthub\Team-Project-Newcastle\TeamProject\GameTechnologies\Debug\ncltech.lib
     1>Done Building Project "D:\GIthub\Team-Project-Newcastle\TeamProject\ncltech\ncltech.vcxproj" (Build target(s)).

Build succeeded.

Time Elapsed 00:00:01.78
