c:\users\cmdadmin\documents\visual studio 2013\projects\csc8503 framework\ncltech\debug\vc120.pdb
c:\users\cmdadmin\documents\visual studio 2013\projects\csc8503 framework\ncltech\debug\vc120.idb
c:\users\cmdadmin\documents\visual studio 2013\projects\csc8503 framework\ncltech\debug\collisiondetection.obj
c:\users\cmdadmin\documents\visual studio 2013\projects\csc8503 framework\ncltech\debug\commonmeshes.obj
c:\users\cmdadmin\documents\visual studio 2013\projects\csc8503 framework\ncltech\debug\constraint.obj
c:\users\cmdadmin\documents\visual studio 2013\projects\csc8503 framework\ncltech\debug\cuboidcollisionshape.obj
c:\users\cmdadmin\documents\visual studio 2013\projects\csc8503 framework\ncltech\debug\ncldebug.obj
c:\users\cmdadmin\documents\visual studio 2013\projects\csc8503 framework\ncltech\debug\gameobject.obj
c:\users\cmdadmin\documents\visual studio 2013\projects\csc8503 framework\ncltech\debug\hull.obj
c:\users\cmdadmin\documents\visual studio 2013\projects\csc8503 framework\ncltech\debug\manifold.obj
c:\users\cmdadmin\documents\visual studio 2013\projects\csc8503 framework\ncltech\debug\physicsengine.obj
c:\users\cmdadmin\documents\visual studio 2013\projects\csc8503 framework\ncltech\debug\physicsobject.obj
c:\users\cmdadmin\documents\visual studio 2013\projects\csc8503 framework\ncltech\debug\piramidcollisionshape.obj
c:\users\cmdadmin\documents\visual studio 2013\projects\csc8503 framework\ncltech\debug\scene.obj
c:\users\cmdadmin\documents\visual studio 2013\projects\csc8503 framework\ncltech\debug\simplemeshobject.obj
c:\users\cmdadmin\documents\visual studio 2013\projects\csc8503 framework\ncltech\debug\source.obj
c:\users\cmdadmin\documents\visual studio 2013\projects\csc8503 framework\ncltech\debug\spherecollisionshape.obj
c:\users\cmdadmin\documents\visual studio 2013\projects\csc8503 framework\ncltech\debug\toruscollisionshape.obj
c:\users\cmdadmin\documents\visual studio 2013\projects\csc8503 framework\game technologies\debug\ncltech.lib
c:\users\cmdadmin\documents\visual studio 2013\projects\csc8503 framework\ncltech\debug\ncltech.tlog\cl.command.1.tlog
c:\users\cmdadmin\documents\visual studio 2013\projects\csc8503 framework\ncltech\debug\ncltech.tlog\cl.read.1.tlog
c:\users\cmdadmin\documents\visual studio 2013\projects\csc8503 framework\ncltech\debug\ncltech.tlog\cl.write.1.tlog
c:\users\cmdadmin\documents\visual studio 2013\projects\csc8503 framework\ncltech\debug\ncltech.tlog\lib-link.read.1.tlog
c:\users\cmdadmin\documents\visual studio 2013\projects\csc8503 framework\ncltech\debug\ncltech.tlog\lib-link.write.1.tlog
c:\users\cmdadmin\documents\visual studio 2013\projects\csc8503 framework\ncltech\debug\ncltech.tlog\lib.command.1.tlog
