c:\users\cmdadmin\documents\visual studio 2013\projects\csc8503 framework\nclgl\debug\vc120.pdb
c:\users\cmdadmin\documents\visual studio 2013\projects\csc8503 framework\nclgl\debug\vc120.idb
c:\users\cmdadmin\documents\visual studio 2013\projects\csc8503 framework\nclgl\debug\camera.obj
c:\users\cmdadmin\documents\visual studio 2013\projects\csc8503 framework\nclgl\debug\cuberobot.obj
c:\users\cmdadmin\documents\visual studio 2013\projects\csc8503 framework\nclgl\debug\frustum.obj
c:\users\cmdadmin\documents\visual studio 2013\projects\csc8503 framework\nclgl\debug\gametimer.obj
c:\users\cmdadmin\documents\visual studio 2013\projects\csc8503 framework\nclgl\debug\keyboard.obj
c:\users\cmdadmin\documents\visual studio 2013\projects\csc8503 framework\nclgl\debug\matrix3.obj
c:\users\cmdadmin\documents\visual studio 2013\projects\csc8503 framework\nclgl\debug\matrix4.obj
c:\users\cmdadmin\documents\visual studio 2013\projects\csc8503 framework\nclgl\debug\md5anim.obj
c:\users\cmdadmin\documents\visual studio 2013\projects\csc8503 framework\nclgl\debug\md5filedata.obj
c:\users\cmdadmin\documents\visual studio 2013\projects\csc8503 framework\nclgl\debug\md5mesh.obj
c:\users\cmdadmin\documents\visual studio 2013\projects\csc8503 framework\nclgl\debug\md5node.obj
c:\users\cmdadmin\documents\visual studio 2013\projects\csc8503 framework\nclgl\debug\mesh.obj
c:\users\cmdadmin\documents\visual studio 2013\projects\csc8503 framework\nclgl\debug\mouse.obj
c:\users\cmdadmin\documents\visual studio 2013\projects\csc8503 framework\nclgl\debug\objmesh.obj
c:\users\cmdadmin\documents\visual studio 2013\projects\csc8503 framework\nclgl\debug\oglrenderer.obj
c:\users\cmdadmin\documents\visual studio 2013\projects\csc8503 framework\nclgl\debug\plane.obj
c:\users\cmdadmin\documents\visual studio 2013\projects\csc8503 framework\nclgl\debug\quaternion.obj
c:\users\cmdadmin\documents\visual studio 2013\projects\csc8503 framework\nclgl\debug\scenenode.obj
c:\users\cmdadmin\documents\visual studio 2013\projects\csc8503 framework\nclgl\debug\shader.obj
c:\users\cmdadmin\documents\visual studio 2013\projects\csc8503 framework\nclgl\debug\window.obj
c:\users\cmdadmin\documents\visual studio 2013\projects\csc8503 framework\game technologies\debug\nclgl.lib
c:\users\cmdadmin\documents\visual studio 2013\projects\csc8503 framework\nclgl\debug\nclgl.tlog\cl.command.1.tlog
c:\users\cmdadmin\documents\visual studio 2013\projects\csc8503 framework\nclgl\debug\nclgl.tlog\cl.read.1.tlog
c:\users\cmdadmin\documents\visual studio 2013\projects\csc8503 framework\nclgl\debug\nclgl.tlog\cl.write.1.tlog
c:\users\cmdadmin\documents\visual studio 2013\projects\csc8503 framework\nclgl\debug\nclgl.tlog\lib-link.read.1.tlog
c:\users\cmdadmin\documents\visual studio 2013\projects\csc8503 framework\nclgl\debug\nclgl.tlog\lib-link.write.1.tlog
c:\users\cmdadmin\documents\visual studio 2013\projects\csc8503 framework\nclgl\debug\nclgl.tlog\lib.command.1.tlog
