Build started 23/02/2016 15:06:52.
     1>Project "D:\Team Project\Team-Project-Newcastle\TeamWork\GameTechCW\ncltech\ncltech.vcxproj" on node 2 (Build target(s)).
     1>ClCompile:
         C:\Program Files (x86)\Microsoft Visual Studio 12.0\VC\bin\CL.exe /c /Zi /nologo /W3 /WX- /sdl /O2 /Oi /Oy- /GL /D _MBCS /Gm- /EHsc /MD /GS /Gy /fp:precise /Zc:wchar_t /Zc:forScope /Fo"Release\\" /Fd"Release\vc120.pdb" /Gd /TP /analyze- /errorReport:prompt "..\Networking Server\Networking Server\Network.cpp" "..\Networking Server\Networking Server\Server.cpp" ..\Networking\Networking\Client.cpp ActionHandler.cpp ArbitraryAI.cpp AssetsManager.cpp CollisionDetection.cpp Constraint.cpp CuboidCollisionShape.cpp CylinderCollisionShape.cpp GameObjectMag.cpp GuardState.cpp HomeState.cpp NCLDebug.cpp GameObject.cpp Hull.cpp Manifold.cpp OffState.cpp PhysicsEngine.cpp PhysicsObject.cpp PiramidCollisionShape.cpp Player.cpp Scene.cpp SimpleMeshObject.cpp SphereCollisionShape.cpp
         Network.cpp
         Server.cpp
         Client.cpp
         ActionHandler.cpp
         ArbitraryAI.cpp
         AssetsManager.cpp
         CollisionDetection.cpp
         Constraint.cpp
         CuboidCollisionShape.cpp
         CylinderCollisionShape.cpp
         GameObjectMag.cpp
     1>GameObjectMag.cpp(18): warning C4244: 'argument' : conversion from 'float' to 'int', possible loss of data
         GuardState.cpp
         HomeState.cpp
         NCLDebug.cpp
         GameObject.cpp
         Hull.cpp
         Manifold.cpp
         OffState.cpp
         PhysicsEngine.cpp
         PhysicsObject.cpp
         Compiling...
         PiramidCollisionShape.cpp
         Player.cpp
         Scene.cpp
         SimpleMeshObject.cpp
         SphereCollisionShape.cpp
       Lib:
         C:\Program Files (x86)\Microsoft Visual Studio 12.0\VC\bin\Lib.exe /OUT:"D:\Team Project\Team-Project-Newcastle\TeamWork\GameTechCW\GameTechnologies\Release\ncltech.lib" /NOLOGO /LTCG Release\Network.obj
         Release\Server.obj
         Release\Client.obj
         Release\ActionHandler.obj
         Release\ArbitraryAI.obj
         Release\AssetsManager.obj
         Release\CollisionDetection.obj
         Release\Constraint.obj
         Release\CuboidCollisionShape.obj
         Release\CylinderCollisionShape.obj
         Release\GameObjectMag.obj
         Release\GuardState.obj
         Release\HomeState.obj
         Release\NCLDebug.obj
         Release\GameObject.obj
         Release\Hull.obj
         Release\Manifold.obj
         Release\OffState.obj
         Release\PhysicsEngine.obj
         Release\PhysicsObject.obj
         Release\PiramidCollisionShape.obj
         Release\Player.obj
         Release\Scene.obj
         Release\SimpleMeshObject.obj
         Release\SphereCollisionShape.obj
         ncltech.vcxproj -> D:\Team Project\Team-Project-Newcastle\TeamWork\GameTechCW\GameTechnologies\Release\ncltech.lib
     1>Done Building Project "D:\Team Project\Team-Project-Newcastle\TeamWork\GameTechCW\ncltech\ncltech.vcxproj" (Build target(s)).

Build succeeded.

Time Elapsed 00:00:11.65
