\\campus\home\home2015\b5063446\downloads\team-project-newcastle-eric-test1\gametechcw\ncltech\release\vc120.pdb
\\campus\home\home2015\b5063446\downloads\team-project-newcastle-eric-test1\gametechcw\ncltech\release\spherecollisionshape.obj
\\campus\home\home2015\b5063446\downloads\team-project-newcastle-eric-test1\gametechcw\ncltech\release\source.obj
\\campus\home\home2015\b5063446\downloads\team-project-newcastle-eric-test1\gametechcw\ncltech\release\simplemeshobject.obj
\\campus\home\home2015\b5063446\downloads\team-project-newcastle-eric-test1\gametechcw\ncltech\release\scene.obj
\\campus\home\home2015\b5063446\downloads\team-project-newcastle-eric-test1\gametechcw\ncltech\release\physicsobject.obj
\\campus\home\home2015\b5063446\downloads\team-project-newcastle-eric-test1\gametechcw\ncltech\release\physicsengine.obj
\\campus\home\home2015\b5063446\downloads\team-project-newcastle-eric-test1\gametechcw\ncltech\release\offstate.obj
\\campus\home\home2015\b5063446\downloads\team-project-newcastle-eric-test1\gametechcw\ncltech\release\manifold.obj
\\campus\home\home2015\b5063446\downloads\team-project-newcastle-eric-test1\gametechcw\ncltech\release\hull.obj
\\campus\home\home2015\b5063446\downloads\team-project-newcastle-eric-test1\gametechcw\ncltech\release\gameobject.obj
\\campus\home\home2015\b5063446\downloads\team-project-newcastle-eric-test1\gametechcw\ncltech\release\ncldebug.obj
\\campus\home\home2015\b5063446\downloads\team-project-newcastle-eric-test1\gametechcw\ncltech\release\homestate.obj
\\campus\home\home2015\b5063446\downloads\team-project-newcastle-eric-test1\gametechcw\ncltech\release\guardstate.obj
\\campus\home\home2015\b5063446\downloads\team-project-newcastle-eric-test1\gametechcw\ncltech\release\arbitraryai.obj
\\campus\home\home2015\b5063446\downloads\team-project-newcastle-eric-test1\gametechcw\ncltech\release\cuboidcollisionshape.obj
\\campus\home\home2015\b5063446\downloads\team-project-newcastle-eric-test1\gametechcw\ncltech\release\constraint.obj
\\campus\home\home2015\b5063446\downloads\team-project-newcastle-eric-test1\gametechcw\ncltech\release\collisiondetection.obj
\\campus\home\home2015\b5063446\downloads\team-project-newcastle-eric-test1\gametechcw\ncltech\release\assetsmanager.obj
d:\ai added to erics solution\team-project-newcastle-eric-test1\gametechcw\ncltech\release\vc120.pdb
d:\ai added to erics solution\team-project-newcastle-eric-test1\gametechcw\ncltech\release\spherecollisionshape.obj
d:\ai added to erics solution\team-project-newcastle-eric-test1\gametechcw\ncltech\release\source.obj
d:\ai added to erics solution\team-project-newcastle-eric-test1\gametechcw\ncltech\release\simplemeshobject.obj
d:\ai added to erics solution\team-project-newcastle-eric-test1\gametechcw\ncltech\release\scene.obj
d:\ai added to erics solution\team-project-newcastle-eric-test1\gametechcw\ncltech\release\physicsobject.obj
d:\ai added to erics solution\team-project-newcastle-eric-test1\gametechcw\ncltech\release\physicsengine.obj
d:\ai added to erics solution\team-project-newcastle-eric-test1\gametechcw\ncltech\release\offstate.obj
d:\ai added to erics solution\team-project-newcastle-eric-test1\gametechcw\ncltech\release\manifold.obj
d:\ai added to erics solution\team-project-newcastle-eric-test1\gametechcw\ncltech\release\hull.obj
d:\ai added to erics solution\team-project-newcastle-eric-test1\gametechcw\ncltech\release\gameobject.obj
d:\ai added to erics solution\team-project-newcastle-eric-test1\gametechcw\ncltech\release\ncldebug.obj
d:\ai added to erics solution\team-project-newcastle-eric-test1\gametechcw\ncltech\release\homestate.obj
d:\ai added to erics solution\team-project-newcastle-eric-test1\gametechcw\ncltech\release\guardstate.obj
d:\ai added to erics solution\team-project-newcastle-eric-test1\gametechcw\ncltech\release\arbitraryai.obj
d:\ai added to erics solution\team-project-newcastle-eric-test1\gametechcw\ncltech\release\cuboidcollisionshape.obj
d:\ai added to erics solution\team-project-newcastle-eric-test1\gametechcw\ncltech\release\constraint.obj
d:\ai added to erics solution\team-project-newcastle-eric-test1\gametechcw\ncltech\release\collisiondetection.obj
d:\ai added to erics solution\team-project-newcastle-eric-test1\gametechcw\ncltech\release\assetsmanager.obj
\\campus\home\home2015\b5063446\downloads\team-project-newcastle-eric-test1\gametechcw\gametechnologies\release\ncltech.lib
d:\ai added to erics solution\team-project-newcastle-eric-test1\gametechcw\gametechnologies\release\ncltech.lib
d:\ai added to erics solution\ncltech\release\arbitraryai.obj
d:\ai added to erics solution\ncltech\release\assetsmanager.obj
d:\ai added to erics solution\ncltech\release\collisiondetection.obj
d:\ai added to erics solution\ncltech\release\constraint.obj
d:\ai added to erics solution\ncltech\release\cuboidcollisionshape.obj
d:\ai added to erics solution\ncltech\release\gameobject.obj
d:\ai added to erics solution\ncltech\release\guardstate.obj
d:\ai added to erics solution\ncltech\release\homestate.obj
d:\ai added to erics solution\ncltech\release\hull.obj
d:\ai added to erics solution\ncltech\release\manifold.obj
d:\ai added to erics solution\ncltech\release\ncldebug.obj
d:\ai added to erics solution\ncltech\release\offstate.obj
d:\ai added to erics solution\ncltech\release\physicsengine.obj
d:\ai added to erics solution\ncltech\release\physicsobject.obj
d:\ai added to erics solution\ncltech\release\scene.obj
d:\ai added to erics solution\ncltech\release\simplemeshobject.obj
d:\ai added to erics solution\ncltech\release\source.obj
d:\ai added to erics solution\ncltech\release\spherecollisionshape.obj
d:\ai added to erics solution\ncltech\release\vc120.pdb
d:\ai added to erics solution\gametechnologies\release\ncltech.lib
d:\ai added to erics solution\ncltech\release\ncltech.tlog\cl.command.1.tlog
d:\ai added to erics solution\ncltech\release\ncltech.tlog\cl.read.1.tlog
d:\ai added to erics solution\ncltech\release\ncltech.tlog\cl.write.1.tlog
d:\ai added to erics solution\ncltech\release\ncltech.tlog\lib-link.read.1.tlog
d:\ai added to erics solution\ncltech\release\ncltech.tlog\lib-link.write.1.tlog
d:\ai added to erics solution\ncltech\release\ncltech.tlog\lib.command.1.tlog
