d:\team project\team-project-newcastle\team-project-newcastle-joe\team-project-newcastle-joe\team-project-newcastle-joe\team-project-newcastle-joe\gametechcw\nclgl\release\vc120.pdb
d:\team project\team-project-newcastle\team-project-newcastle-joe\team-project-newcastle-joe\team-project-newcastle-joe\team-project-newcastle-joe\gametechcw\nclgl\release\window.obj
d:\team project\team-project-newcastle\team-project-newcastle-joe\team-project-newcastle-joe\team-project-newcastle-joe\team-project-newcastle-joe\gametechcw\nclgl\release\shader.obj
d:\team project\team-project-newcastle\team-project-newcastle-joe\team-project-newcastle-joe\team-project-newcastle-joe\team-project-newcastle-joe\gametechcw\nclgl\release\scenenode.obj
d:\team project\team-project-newcastle\team-project-newcastle-joe\team-project-newcastle-joe\team-project-newcastle-joe\team-project-newcastle-joe\gametechcw\nclgl\release\quaternion.obj
d:\team project\team-project-newcastle\team-project-newcastle-joe\team-project-newcastle-joe\team-project-newcastle-joe\team-project-newcastle-joe\gametechcw\nclgl\release\plane.obj
d:\team project\team-project-newcastle\team-project-newcastle-joe\team-project-newcastle-joe\team-project-newcastle-joe\team-project-newcastle-joe\gametechcw\nclgl\release\oglrenderer.obj
d:\team project\team-project-newcastle\team-project-newcastle-joe\team-project-newcastle-joe\team-project-newcastle-joe\team-project-newcastle-joe\gametechcw\nclgl\release\objmesh.obj
d:\team project\team-project-newcastle\team-project-newcastle-joe\team-project-newcastle-joe\team-project-newcastle-joe\team-project-newcastle-joe\gametechcw\nclgl\release\mouse.obj
d:\team project\team-project-newcastle\team-project-newcastle-joe\team-project-newcastle-joe\team-project-newcastle-joe\team-project-newcastle-joe\gametechcw\nclgl\release\mesh.obj
d:\team project\team-project-newcastle\team-project-newcastle-joe\team-project-newcastle-joe\team-project-newcastle-joe\team-project-newcastle-joe\gametechcw\nclgl\release\md5node.obj
d:\team project\team-project-newcastle\team-project-newcastle-joe\team-project-newcastle-joe\team-project-newcastle-joe\team-project-newcastle-joe\gametechcw\nclgl\release\md5mesh.obj
d:\team project\team-project-newcastle\team-project-newcastle-joe\team-project-newcastle-joe\team-project-newcastle-joe\team-project-newcastle-joe\gametechcw\nclgl\release\md5filedata.obj
d:\team project\team-project-newcastle\team-project-newcastle-joe\team-project-newcastle-joe\team-project-newcastle-joe\team-project-newcastle-joe\gametechcw\nclgl\release\md5anim.obj
d:\team project\team-project-newcastle\team-project-newcastle-joe\team-project-newcastle-joe\team-project-newcastle-joe\team-project-newcastle-joe\gametechcw\nclgl\release\matrix4.obj
d:\team project\team-project-newcastle\team-project-newcastle-joe\team-project-newcastle-joe\team-project-newcastle-joe\team-project-newcastle-joe\gametechcw\nclgl\release\matrix3.obj
d:\team project\team-project-newcastle\team-project-newcastle-joe\team-project-newcastle-joe\team-project-newcastle-joe\team-project-newcastle-joe\gametechcw\nclgl\release\keyboard.obj
d:\team project\team-project-newcastle\team-project-newcastle-joe\team-project-newcastle-joe\team-project-newcastle-joe\team-project-newcastle-joe\gametechcw\nclgl\release\gametimer.obj
d:\team project\team-project-newcastle\team-project-newcastle-joe\team-project-newcastle-joe\team-project-newcastle-joe\team-project-newcastle-joe\gametechcw\nclgl\release\frustum.obj
d:\team project\team-project-newcastle\team-project-newcastle-joe\team-project-newcastle-joe\team-project-newcastle-joe\team-project-newcastle-joe\gametechcw\nclgl\release\cuberobot.obj
d:\team project\team-project-newcastle\team-project-newcastle-joe\team-project-newcastle-joe\team-project-newcastle-joe\team-project-newcastle-joe\gametechcw\nclgl\release\camera.obj
d:\team project\team-project-newcastle\team-project-newcastle-joe\team-project-newcastle-joe\team-project-newcastle-joe\team-project-newcastle-joe\gametechcw\gametechnologies\release\nclgl.lib
d:\team project\team-project-newcastle\team-project-newcastle-joe\team-project-newcastle-joe\team-project-newcastle-joe\team-project-newcastle-joe\gametechcw\nclgl\release\nclgl.tlog\cl.command.1.tlog
d:\team project\team-project-newcastle\team-project-newcastle-joe\team-project-newcastle-joe\team-project-newcastle-joe\team-project-newcastle-joe\gametechcw\nclgl\release\nclgl.tlog\cl.read.1.tlog
d:\team project\team-project-newcastle\team-project-newcastle-joe\team-project-newcastle-joe\team-project-newcastle-joe\team-project-newcastle-joe\gametechcw\nclgl\release\nclgl.tlog\cl.write.1.tlog
d:\team project\team-project-newcastle\team-project-newcastle-joe\team-project-newcastle-joe\team-project-newcastle-joe\team-project-newcastle-joe\gametechcw\nclgl\release\nclgl.tlog\lib-link.read.1.tlog
d:\team project\team-project-newcastle\team-project-newcastle-joe\team-project-newcastle-joe\team-project-newcastle-joe\team-project-newcastle-joe\gametechcw\nclgl\release\nclgl.tlog\lib-link.write.1.tlog
d:\team project\team-project-newcastle\team-project-newcastle-joe\team-project-newcastle-joe\team-project-newcastle-joe\team-project-newcastle-joe\gametechcw\nclgl\release\nclgl.tlog\lib.command.1.tlog
