Build started 12/02/2016 00:39:44.
     1>Project "D:\GitHub\Team-Project-Newcastle\Team-Project-Newcastle-Eric-Test-1\Team-Project-Newcastle-Eric-Test-1\GameTechCW\GameTechnologies\GameTech CW\GameTech CW.vcxproj" on node 2 (Build target(s)).
     1>C:\Program Files (x86)\MSBuild\Microsoft.Cpp\v4.0\V120\Microsoft.CppBuild.targets(381,5): warning MSB8028: The intermediate directory (Debug\) contains files shared from another project (Tutorial1 - Integration.vcxproj).  This can lead to incorrect clean and rebuild behavior.
     1>ClCompile:
         D:\Program Files (x86)\Microsoft Visual Studio 12.0\VC\bin\CL.exe /c /I../FMOD/inc/ /ZI /nologo /W3 /WX- /sdl /Od /Oy- /D _MBCS /Gm /EHsc /RTC1 /MDd /GS /fp:precise /Zc:wchar_t /Zc:forScope /Fo"Debug\\" /Fd"Debug\vc120.pdb" /Gd /TP /analyze- /errorReport:prompt Audio.cpp MyScene.cpp ParticleEmitter.cpp main.cpp
         main.cpp
         ParticleEmitter.cpp
     1>d:\github\team-project-newcastle\team-project-newcastle-eric-test-1\team-project-newcastle-eric-test-1\gametechcw\gametechnologies\gametech cw\particleemitter.cpp(137): warning C4244: '=' : conversion from 'double' to 'float', possible loss of data
     1>d:\github\team-project-newcastle\team-project-newcastle-eric-test-1\team-project-newcastle-eric-test-1\gametechcw\gametechnologies\gametech cw\particleemitter.cpp(138): warning C4244: '=' : conversion from 'double' to 'float', possible loss of data
         MyScene.cpp
     1>d:\github\team-project-newcastle\team-project-newcastle-eric-test-1\team-project-newcastle-eric-test-1\gametechcw\gametechnologies\gametech cw\myscene.cpp(102): warning C4018: '<' : signed/unsigned mismatch
         Audio.cpp
         Generating Code...
       Link:
         D:\Program Files (x86)\Microsoft Visual Studio 12.0\VC\bin\link.exe /ERRORREPORT:PROMPT /OUT:"D:\GitHub\Team-Project-Newcastle\Team-Project-Newcastle-Eric-Test-1\Team-Project-Newcastle-Eric-Test-1\GameTechCW\GameTechnologies\Debug\GameTech CW.exe" /INCREMENTAL /NOLOGO /LIBPATH:../FMOD/lib/ ncltech.lib nclgl.lib kernel32.lib user32.lib gdi32.lib winspool.lib comdlg32.lib advapi32.lib shell32.lib ole32.lib oleaut32.lib uuid.lib odbc32.lib odbccp32.lib kernel32.lib user32.lib gdi32.lib winspool.lib comdlg32.lib advapi32.lib shell32.lib ole32.lib oleaut32.lib uuid.lib odbc32.lib odbccp32.lib /MANIFEST /MANIFESTUAC:"level='asInvoker' uiAccess='false'" /manifest:embed /DEBUG /PDB:"D:\GitHub\Team-Project-Newcastle\Team-Project-Newcastle-Eric-Test-1\Team-Project-Newcastle-Eric-Test-1\GameTechCW\GameTechnologies\Debug\GameTech CW.pdb" /TLBID:1 /DYNAMICBASE /NXCOMPAT /IMPLIB:"D:\GitHub\Team-Project-Newcastle\Team-Project-Newcastle-Eric-Test-1\Team-Project-Newcastle-Eric-Test-1\GameTechCW\GameTechnologies\Debug\GameTech CW.lib" /MACHINE:X86 Debug\Audio.obj
         Debug\main.obj
         Debug\MyScene.obj
         Debug\ParticleEmitter.obj
     1>ParticleEmitter.obj : warning LNK4049: locally defined symbol ___glewActiveTexture imported
     1>ncltech.lib(NCLDebug.obj) : warning LNK4049: locally defined symbol ___glewActiveTexture imported
     1>ncltech.lib(Scene.obj) : warning LNK4049: locally defined symbol ___glewActiveTexture imported
     1>ParticleEmitter.obj : warning LNK4049: locally defined symbol ___glewBindBuffer imported
     1>ncltech.lib(NCLDebug.obj) : warning LNK4049: locally defined symbol ___glewBindBuffer imported
     1>ParticleEmitter.obj : warning LNK4049: locally defined symbol ___glewBufferData imported
     1>ncltech.lib(NCLDebug.obj) : warning LNK4049: locally defined symbol ___glewBufferData imported
     1>ParticleEmitter.obj : warning LNK4049: locally defined symbol ___glewBufferSubData imported
     1>ncltech.lib(NCLDebug.obj) : warning LNK4049: locally defined symbol ___glewBufferSubData imported
     1>ParticleEmitter.obj : warning LNK4049: locally defined symbol ___glewDeleteBuffers imported
     1>ncltech.lib(NCLDebug.obj) : warning LNK4049: locally defined symbol ___glewDeleteBuffers imported
     1>ParticleEmitter.obj : warning LNK4049: locally defined symbol ___glewGenBuffers imported
     1>ncltech.lib(NCLDebug.obj) : warning LNK4049: locally defined symbol ___glewGenBuffers imported
     1>ParticleEmitter.obj : warning LNK4049: locally defined symbol ___glewEnableVertexAttribArray imported
     1>ncltech.lib(NCLDebug.obj) : warning LNK4049: locally defined symbol ___glewEnableVertexAttribArray imported
     1>ParticleEmitter.obj : warning LNK4049: locally defined symbol ___glewVertexAttribPointer imported
     1>ncltech.lib(NCLDebug.obj) : warning LNK4049: locally defined symbol ___glewVertexAttribPointer imported
     1>ParticleEmitter.obj : warning LNK4049: locally defined symbol ___glewBindVertexArray imported
     1>ncltech.lib(NCLDebug.obj) : warning LNK4049: locally defined symbol ___glewBindVertexArray imported
     1>ncltech.lib(NCLDebug.obj) : warning LNK4049: locally defined symbol ___glewGetUniformLocation imported
     1>ncltech.lib(Scene.obj) : warning LNK4049: locally defined symbol ___glewGetUniformLocation imported
     1>ncltech.lib(NCLDebug.obj) : warning LNK4049: locally defined symbol ___glewUniform1f imported
     1>ncltech.lib(Scene.obj) : warning LNK4049: locally defined symbol ___glewUniform1f imported
     1>ncltech.lib(NCLDebug.obj) : warning LNK4049: locally defined symbol ___glewUniform1i imported
     1>ncltech.lib(Scene.obj) : warning LNK4049: locally defined symbol ___glewUniform1i imported
     1>ncltech.lib(NCLDebug.obj) : warning LNK4049: locally defined symbol ___glewUniformMatrix4fv imported
     1>ncltech.lib(Scene.obj) : warning LNK4049: locally defined symbol ___glewUniformMatrix4fv imported
     1>ncltech.lib(NCLDebug.obj) : warning LNK4049: locally defined symbol ___glewUseProgram imported
     1>ncltech.lib(Scene.obj) : warning LNK4049: locally defined symbol ___glewUseProgram imported
     1>ncltech.lib(NCLDebug.obj) : warning LNK4049: locally defined symbol ___glewDeleteVertexArrays imported
     1>ncltech.lib(NCLDebug.obj) : warning LNK4049: locally defined symbol ___glewGenVertexArrays imported
     1>ncltech.lib(Scene.obj) : warning LNK4049: locally defined symbol ___glewStencilOpSeparate imported
     1>ncltech.lib(Scene.obj) : warning LNK4049: locally defined symbol ___glewUniform3fv imported
     1>ncltech.lib(Scene.obj) : warning LNK4049: locally defined symbol ___glewUniform4fv imported
     1>ncltech.lib(Scene.obj) : warning LNK4049: locally defined symbol ___glewBindFramebuffer imported
     1>ncltech.lib(Scene.obj) : warning LNK4049: locally defined symbol ___glewBlitFramebuffer imported
     1>ncltech.lib(Scene.obj) : warning LNK4049: locally defined symbol ___glewCheckFramebufferStatus imported
     1>ncltech.lib(Scene.obj) : warning LNK4049: locally defined symbol ___glewDeleteFramebuffers imported
     1>ncltech.lib(Scene.obj) : warning LNK4049: locally defined symbol ___glewFramebufferTexture2D imported
     1>ncltech.lib(Scene.obj) : warning LNK4049: locally defined symbol ___glewGenFramebuffers imported
     1>ncltech.lib(Scene.obj) : warning LNK4049: locally defined symbol ___glewTexImage2DMultisample imported
     1>Audio.obj : error LNK2019: unresolved external symbol "public: enum FMOD_RESULT __stdcall FMOD::System::update(void)" (?update@System@FMOD@@QAG?AW4FMOD_RESULT@@XZ) referenced in function "public: void __thiscall Audio::AddSound(char const *,struct FMOD_VECTOR,struct FMOD_VECTOR,enum FMOD_RESULT,class FMOD::System *,class FMOD::Channel *,class FMOD::Sound *,bool,float)" (?AddSound@Audio@@QAEXPBDUFMOD_VECTOR@@1W4FMOD_RESULT@@PAVSystem@FMOD@@PAVChannel@5@PAVSound@5@_NM@Z)
     1>MyScene.obj : error LNK2001: unresolved external symbol "public: enum FMOD_RESULT __stdcall FMOD::System::update(void)" (?update@System@FMOD@@QAG?AW4FMOD_RESULT@@XZ)
     1>Audio.obj : error LNK2019: unresolved external symbol "public: enum FMOD_RESULT __stdcall FMOD::System::set3DListenerAttributes(int,struct FMOD_VECTOR const *,struct FMOD_VECTOR const *,struct FMOD_VECTOR const *,struct FMOD_VECTOR const *)" (?set3DListenerAttributes@System@FMOD@@QAG?AW4FMOD_RESULT@@HPBUFMOD_VECTOR@@000@Z) referenced in function "public: void __thiscall Audio::GetCameraInfo(class Camera *,enum FMOD_RESULT,class FMOD::System *)" (?GetCameraInfo@Audio@@QAEXPAVCamera@@W4FMOD_RESULT@@PAVSystem@FMOD@@@Z)
     1>Audio.obj : error LNK2019: unresolved external symbol "public: enum FMOD_RESULT __stdcall FMOD::System::createSound(char const *,unsigned int,struct FMOD_CREATESOUNDEXINFO *,class FMOD::Sound * *)" (?createSound@System@FMOD@@QAG?AW4FMOD_RESULT@@PBDIPAUFMOD_CREATESOUNDEXINFO@@PAPAVSound@2@@Z) referenced in function "public: void __thiscall Audio::AddSound(char const *,struct FMOD_VECTOR,struct FMOD_VECTOR,enum FMOD_RESULT,class FMOD::System *,class FMOD::Channel *,class FMOD::Sound *,bool,float)" (?AddSound@Audio@@QAEXPBDUFMOD_VECTOR@@1W4FMOD_RESULT@@PAVSystem@FMOD@@PAVChannel@5@PAVSound@5@_NM@Z)
     1>MyScene.obj : error LNK2001: unresolved external symbol "public: enum FMOD_RESULT __stdcall FMOD::System::createSound(char const *,unsigned int,struct FMOD_CREATESOUNDEXINFO *,class FMOD::Sound * *)" (?createSound@System@FMOD@@QAG?AW4FMOD_RESULT@@PBDIPAUFMOD_CREATESOUNDEXINFO@@PAPAVSound@2@@Z)
     1>Audio.obj : error LNK2019: unresolved external symbol "public: enum FMOD_RESULT __stdcall FMOD::System::playSound(class FMOD::Sound *,class FMOD::ChannelGroup *,bool,class FMOD::Channel * *)" (?playSound@System@FMOD@@QAG?AW4FMOD_RESULT@@PAVSound@2@PAVChannelGroup@2@_NPAPAVChannel@2@@Z) referenced in function "public: void __thiscall Audio::AddSound(char const *,struct FMOD_VECTOR,struct FMOD_VECTOR,enum FMOD_RESULT,class FMOD::System *,class FMOD::Channel *,class FMOD::Sound *,bool,float)" (?AddSound@Audio@@QAEXPBDUFMOD_VECTOR@@1W4FMOD_RESULT@@PAVSystem@FMOD@@PAVChannel@5@PAVSound@5@_NM@Z)
     1>MyScene.obj : error LNK2001: unresolved external symbol "public: enum FMOD_RESULT __stdcall FMOD::System::playSound(class FMOD::Sound *,class FMOD::ChannelGroup *,bool,class FMOD::Channel * *)" (?playSound@System@FMOD@@QAG?AW4FMOD_RESULT@@PAVSound@2@PAVChannelGroup@2@_NPAPAVChannel@2@@Z)
     1>Audio.obj : error LNK2019: unresolved external symbol "public: enum FMOD_RESULT __stdcall FMOD::Sound::set3DMinMaxDistance(float,float)" (?set3DMinMaxDistance@Sound@FMOD@@QAG?AW4FMOD_RESULT@@MM@Z) referenced in function "public: void __thiscall Audio::AddSound(char const *,struct FMOD_VECTOR,struct FMOD_VECTOR,enum FMOD_RESULT,class FMOD::System *,class FMOD::Channel *,class FMOD::Sound *,bool,float)" (?AddSound@Audio@@QAEXPBDUFMOD_VECTOR@@1W4FMOD_RESULT@@PAVSystem@FMOD@@PAVChannel@5@PAVSound@5@_NM@Z)
     1>MyScene.obj : error LNK2001: unresolved external symbol "public: enum FMOD_RESULT __stdcall FMOD::Sound::set3DMinMaxDistance(float,float)" (?set3DMinMaxDistance@Sound@FMOD@@QAG?AW4FMOD_RESULT@@MM@Z)
     1>Audio.obj : error LNK2019: unresolved external symbol "public: enum FMOD_RESULT __stdcall FMOD::ChannelControl::setVolume(float)" (?setVolume@ChannelControl@FMOD@@QAG?AW4FMOD_RESULT@@M@Z) referenced in function "public: void __thiscall Audio::AddSound(char const *,struct FMOD_VECTOR,struct FMOD_VECTOR,enum FMOD_RESULT,class FMOD::System *,class FMOD::Channel *,class FMOD::Sound *,bool,float)" (?AddSound@Audio@@QAEXPBDUFMOD_VECTOR@@1W4FMOD_RESULT@@PAVSystem@FMOD@@PAVChannel@5@PAVSound@5@_NM@Z)
     1>MyScene.obj : error LNK2001: unresolved external symbol "public: enum FMOD_RESULT __stdcall FMOD::ChannelControl::setVolume(float)" (?setVolume@ChannelControl@FMOD@@QAG?AW4FMOD_RESULT@@M@Z)
     1>Audio.obj : error LNK2019: unresolved external symbol "public: enum FMOD_RESULT __stdcall FMOD::ChannelControl::set3DAttributes(struct FMOD_VECTOR const *,struct FMOD_VECTOR const *,struct FMOD_VECTOR const *)" (?set3DAttributes@ChannelControl@FMOD@@QAG?AW4FMOD_RESULT@@PBUFMOD_VECTOR@@00@Z) referenced in function "public: void __thiscall Audio::AddSound(char const *,struct FMOD_VECTOR,struct FMOD_VECTOR,enum FMOD_RESULT,class FMOD::System *,class FMOD::Channel *,class FMOD::Sound *,bool,float)" (?AddSound@Audio@@QAEXPBDUFMOD_VECTOR@@1W4FMOD_RESULT@@PAVSystem@FMOD@@PAVChannel@5@PAVSound@5@_NM@Z)
     1>MyScene.obj : error LNK2001: unresolved external symbol "public: enum FMOD_RESULT __stdcall FMOD::ChannelControl::set3DAttributes(struct FMOD_VECTOR const *,struct FMOD_VECTOR const *,struct FMOD_VECTOR const *)" (?set3DAttributes@ChannelControl@FMOD@@QAG?AW4FMOD_RESULT@@PBUFMOD_VECTOR@@00@Z)
     1>MyScene.obj : error LNK2019: unresolved external symbol _FMOD_System_Create@4 referenced in function "enum FMOD_RESULT __cdecl FMOD::System_Create(class FMOD::System * *)" (?System_Create@FMOD@@YA?AW4FMOD_RESULT@@PAPAVSystem@1@@Z)
     1>MyScene.obj : error LNK2019: unresolved external symbol "public: enum FMOD_RESULT __stdcall FMOD::System::init(int,unsigned int,void *)" (?init@System@FMOD@@QAG?AW4FMOD_RESULT@@HIPAX@Z) referenced in function "public: virtual bool __thiscall MyScene::InitialiseGL(void)" (?InitialiseGL@MyScene@@UAE_NXZ)
     1>MyScene.obj : error LNK2019: unresolved external symbol "public: enum FMOD_RESULT __stdcall FMOD::Sound::setMode(unsigned int)" (?setMode@Sound@FMOD@@QAG?AW4FMOD_RESULT@@I@Z) referenced in function "public: virtual bool __thiscall MyScene::InitialiseGL(void)" (?InitialiseGL@MyScene@@UAE_NXZ)
     1>MyScene.obj : error LNK2019: unresolved external symbol "public: enum FMOD_RESULT __stdcall FMOD::ChannelControl::setPaused(bool)" (?setPaused@ChannelControl@FMOD@@QAG?AW4FMOD_RESULT@@_N@Z) referenced in function "public: virtual void __thiscall MyScene::UpdateScene(float)" (?UpdateScene@MyScene@@UAEXM@Z)
     1>MyScene.obj : error LNK2019: unresolved external symbol "public: enum FMOD_RESULT __stdcall FMOD::Channel::setFrequency(float)" (?setFrequency@Channel@FMOD@@QAG?AW4FMOD_RESULT@@M@Z) referenced in function "public: virtual void __thiscall MyScene::UpdateScene(float)" (?UpdateScene@MyScene@@UAEXM@Z)
     1>D:\GitHub\Team-Project-Newcastle\Team-Project-Newcastle-Eric-Test-1\Team-Project-Newcastle-Eric-Test-1\GameTechCW\GameTechnologies\Debug\GameTech CW.exe : fatal error LNK1120: 12 unresolved externals
     1>Done Building Project "D:\GitHub\Team-Project-Newcastle\Team-Project-Newcastle-Eric-Test-1\Team-Project-Newcastle-Eric-Test-1\GameTechCW\GameTechnologies\GameTech CW\GameTech CW.vcxproj" (Build target(s)) -- FAILED.

Build FAILED.

Time Elapsed 00:00:03.29
