h:\github\team-project-newcastle\gametechcw\nclgl\release\vc120.pdb
h:\github\team-project-newcastle\gametechcw\nclgl\release\window.obj
h:\github\team-project-newcastle\gametechcw\nclgl\release\shader.obj
h:\github\team-project-newcastle\gametechcw\nclgl\release\scenenode.obj
h:\github\team-project-newcastle\gametechcw\nclgl\release\quaternion.obj
h:\github\team-project-newcastle\gametechcw\nclgl\release\plane.obj
h:\github\team-project-newcastle\gametechcw\nclgl\release\oglrenderer.obj
h:\github\team-project-newcastle\gametechcw\nclgl\release\objmesh.obj
h:\github\team-project-newcastle\gametechcw\nclgl\release\mouse.obj
h:\github\team-project-newcastle\gametechcw\nclgl\release\mesh.obj
h:\github\team-project-newcastle\gametechcw\nclgl\release\md5node.obj
h:\github\team-project-newcastle\gametechcw\nclgl\release\md5mesh.obj
h:\github\team-project-newcastle\gametechcw\nclgl\release\md5filedata.obj
h:\github\team-project-newcastle\gametechcw\nclgl\release\md5anim.obj
h:\github\team-project-newcastle\gametechcw\nclgl\release\matrix4.obj
h:\github\team-project-newcastle\gametechcw\nclgl\release\matrix3.obj
h:\github\team-project-newcastle\gametechcw\nclgl\release\keyboard.obj
h:\github\team-project-newcastle\gametechcw\nclgl\release\gametimer.obj
h:\github\team-project-newcastle\gametechcw\nclgl\release\frustum.obj
h:\github\team-project-newcastle\gametechcw\nclgl\release\cuberobot.obj
h:\github\team-project-newcastle\gametechcw\nclgl\release\camera.obj
h:\github\team-project-newcastle\gametechcw\gametechnologies\release\nclgl.lib
h:\github\team-project-newcastle\gametechcw\nclgl\release\nclgl.tlog\cl.command.1.tlog
h:\github\team-project-newcastle\gametechcw\nclgl\release\nclgl.tlog\cl.read.1.tlog
h:\github\team-project-newcastle\gametechcw\nclgl\release\nclgl.tlog\cl.write.1.tlog
h:\github\team-project-newcastle\gametechcw\nclgl\release\nclgl.tlog\lib-link.read.1.tlog
h:\github\team-project-newcastle\gametechcw\nclgl\release\nclgl.tlog\lib-link.write.1.tlog
h:\github\team-project-newcastle\gametechcw\nclgl\release\nclgl.tlog\lib.command.1.tlog
