c:\users\cmdadmin\desktop\ps4devcode\graphicsskeleton\orbis_debug\examplerenderer.o
c:\users\cmdadmin\desktop\ps4devcode\graphicsskeleton\orbis_debug\inputbase.o
c:\users\cmdadmin\desktop\ps4devcode\graphicsskeleton\orbis_debug\main.o
c:\users\cmdadmin\desktop\ps4devcode\graphicsskeleton\orbis_debug\mesh.o
c:\users\cmdadmin\desktop\ps4devcode\graphicsskeleton\orbis_debug\ps4audiosystem.o
c:\users\cmdadmin\desktop\ps4devcode\graphicsskeleton\orbis_debug\ps4computeshader.o
c:\users\cmdadmin\desktop\ps4devcode\graphicsskeleton\orbis_debug\ps4frame.o
c:\users\cmdadmin\desktop\ps4devcode\graphicsskeleton\orbis_debug\ps4input.o
c:\users\cmdadmin\desktop\ps4devcode\graphicsskeleton\orbis_debug\ps4memoryaware.o
c:\users\cmdadmin\desktop\ps4devcode\graphicsskeleton\orbis_debug\ps4shader.o
c:\users\cmdadmin\desktop\ps4devcode\graphicsskeleton\orbis_debug\ps4soundemitter.o
c:\users\cmdadmin\desktop\ps4devcode\graphicsskeleton\orbis_debug\ps4texture.o
c:\users\cmdadmin\desktop\ps4devcode\graphicsskeleton\orbis_debug\rendererbase.o
c:\users\cmdadmin\desktop\ps4devcode\graphicsskeleton\orbis_debug\shaderbase.o
c:\users\cmdadmin\desktop\ps4devcode\graphicsskeleton\orbis_debug\texturebase.o
c:\users\cmdadmin\desktop\ps4devcode\graphicsskeleton\orbis_debug\objmesh.o
c:\users\cmdadmin\desktop\ps4devcode\graphicsskeleton\orbis_debug\ps4mesh.o
c:\users\cmdadmin\desktop\ps4devcode\graphicsskeleton\orbis_debug\ps4rendererbase.o
c:\users\cmdadmin\desktop\ps4devcode\graphicsskeleton\pixelshader.sb
c:\users\cmdadmin\desktop\ps4devcode\graphicsskeleton\vertexshader.sb
c:\users\cmdadmin\desktop\ps4devcode\graphicsskeleton\orbis_debug\graphicsskeleton.tlog\orbis-clang-cl.command.1.tlog
c:\users\cmdadmin\desktop\ps4devcode\graphicsskeleton\orbis_debug\graphicsskeleton.tlog\orbis-clang-cl.read.1.tlog
c:\users\cmdadmin\desktop\ps4devcode\graphicsskeleton\orbis_debug\graphicsskeleton.tlog\orbis-clang-cl.write.1.tlog
c:\users\cmdadmin\desktop\ps4devcode\graphicsskeleton\orbis_debug\graphicsskeleton.tlog\orbis-ld.command.1.tlog
c:\users\cmdadmin\desktop\ps4devcode\graphicsskeleton\orbis_debug\graphicsskeleton.tlog\orbis-ld.read.1.tlog
c:\users\cmdadmin\desktop\ps4devcode\graphicsskeleton\orbis_debug\graphicsskeleton.tlog\orbis-ld.write.1.tlog
c:\users\cmdadmin\desktop\ps4devcode\graphicsskeleton\orbis_debug\graphicsskeleton.tlog\orbis-wave-psslc.command.1.tlog
c:\users\cmdadmin\desktop\ps4devcode\graphicsskeleton\orbis_debug\graphicsskeleton.tlog\orbis-wave-psslc.read.1.tlog
c:\users\cmdadmin\desktop\ps4devcode\graphicsskeleton\orbis_debug\graphicsskeleton.tlog\orbis-wave-psslc.write.1.tlog
