d:\github\team-project-newcastle\gametechcw\ps4\orbis_debug\examplerenderer.o
d:\github\team-project-newcastle\gametechcw\ps4\orbis_debug\inputbase.o
d:\github\team-project-newcastle\gametechcw\ps4\orbis_debug\mesh.o
d:\github\team-project-newcastle\gametechcw\ps4\orbis_debug\objmesh.o
d:\github\team-project-newcastle\gametechcw\ps4\orbis_debug\ps4audiosystem.o
d:\github\team-project-newcastle\gametechcw\ps4\orbis_debug\ps4computeshader.o
d:\github\team-project-newcastle\gametechcw\ps4\orbis_debug\ps4frame.o
d:\github\team-project-newcastle\gametechcw\ps4\orbis_debug\ps4input.o
d:\github\team-project-newcastle\gametechcw\ps4\orbis_debug\ps4memoryaware.o
d:\github\team-project-newcastle\gametechcw\ps4\orbis_debug\ps4mesh.o
d:\github\team-project-newcastle\gametechcw\ps4\orbis_debug\ps4shader.o
d:\github\team-project-newcastle\gametechcw\ps4\orbis_debug\ps4soundemitter.o
d:\github\team-project-newcastle\gametechcw\ps4\orbis_debug\ps4texture.o
d:\github\team-project-newcastle\gametechcw\ps4\orbis_debug\rendererbase.o
d:\github\team-project-newcastle\gametechcw\ps4\orbis_debug\shaderbase.o
d:\github\team-project-newcastle\gametechcw\ps4\orbis_debug\texturebase.o
d:\github\team-project-newcastle\gametechcw\ps4\orbis_debug\main.o
d:\github\team-project-newcastle\gametechcw\ps4\orbis_debug\camera.o
d:\github\team-project-newcastle\gametechcw\ps4\orbis_debug\ps4rendererbase.o
d:\github\team-project-newcastle\gametechcw\gametechnologies\orbis_debug\ps4setting.elf
d:\github\team-project-newcastle\gametechcw\ps4\pixelshader.sb
d:\github\team-project-newcastle\gametechcw\gametechnologies\vertexshader.sb
d:\github\team-project-newcastle\gametechcw\ps4\orbis_debug\ps4setting.tlog\orbis-clang-cl.command.1.tlog
d:\github\team-project-newcastle\gametechcw\ps4\orbis_debug\ps4setting.tlog\orbis-clang-cl.read.1.tlog
d:\github\team-project-newcastle\gametechcw\ps4\orbis_debug\ps4setting.tlog\orbis-clang-cl.write.1.tlog
d:\github\team-project-newcastle\gametechcw\ps4\orbis_debug\ps4setting.tlog\orbis-ld.command.1.tlog
d:\github\team-project-newcastle\gametechcw\ps4\orbis_debug\ps4setting.tlog\orbis-ld.read.1.tlog
d:\github\team-project-newcastle\gametechcw\ps4\orbis_debug\ps4setting.tlog\orbis-ld.write.1.tlog
d:\github\team-project-newcastle\gametechcw\ps4\orbis_debug\ps4setting.tlog\orbis-wave-psslc.command.1.tlog
d:\github\team-project-newcastle\gametechcw\ps4\orbis_debug\ps4setting.tlog\orbis-wave-psslc.read.1.tlog
d:\github\team-project-newcastle\gametechcw\ps4\orbis_debug\ps4setting.tlog\orbis-wave-psslc.write.1.tlog
