Build started 03/02/2016 05:10:52.
     1>Project "C:\Users\Yulong\Documents\GitHub\Team-Project-Newcastle\GameTechCW\GameTechCW\GameTechnologies\GameTech CW\GameTech CW.vcxproj" on node 2 (Build target(s)).
     1>C:\Program Files (x86)\MSBuild\Microsoft.Cpp\v4.0\V120\Microsoft.CppBuild.targets(381,5): warning MSB8028: The intermediate directory (Release\) contains files shared from another project (Tutorial1 - Integration.vcxproj).  This can lead to incorrect clean and rebuild behavior.
     1>ClCompile:
         D:\Program Files (x86)\Microsoft Visual Studio 12.0\VC\bin\CL.exe /c /Zi /nologo /W3 /WX- /sdl /O2 /Oi /Oy- /GL /D _MBCS /Gm- /EHsc /MD /GS /Gy /fp:precise /Zc:wchar_t /Zc:forScope /Fo"Release\\" /Fd"Release\vc120.pdb" /Gd /TP /analyze- /errorReport:prompt MyScene.cpp
         MyScene.cpp
       Link:
         D:\Program Files (x86)\Microsoft Visual Studio 12.0\VC\bin\link.exe /ERRORREPORT:PROMPT /OUT:"C:\Users\Yulong\Documents\GitHub\Team-Project-Newcastle\GameTechCW\GameTechCW\GameTechnologies\Release\GameTech CW.exe" /NOLOGO ncltech.lib nclgl.lib kernel32.lib user32.lib gdi32.lib winspool.lib comdlg32.lib advapi32.lib shell32.lib ole32.lib oleaut32.lib uuid.lib odbc32.lib odbccp32.lib kernel32.lib user32.lib gdi32.lib winspool.lib comdlg32.lib advapi32.lib shell32.lib ole32.lib oleaut32.lib uuid.lib odbc32.lib odbccp32.lib /MANIFEST /MANIFESTUAC:"level='asInvoker' uiAccess='false'" /manifest:embed /DEBUG /PDB:"C:\Users\Yulong\Documents\GitHub\Team-Project-Newcastle\GameTechCW\GameTechCW\GameTechnologies\Release\GameTech CW.pdb" /OPT:REF /OPT:ICF /LTCG /TLBID:1 /DYNAMICBASE /NXCOMPAT /IMPLIB:"C:\Users\Yulong\Documents\GitHub\Team-Project-Newcastle\GameTechCW\GameTechCW\GameTechnologies\Release\GameTech CW.lib" /MACHINE:X86 /SAFESEH Release\main.obj
         Release\MyScene.obj
     1>LINK : warning LNK4098: defaultlib 'LIBCMT' conflicts with use of other libs; use /NODEFAULTLIB:library
         Generating code
     1>c:\users\yulong\documents\github\team-project-newcastle\gametechcw\gametechcw\ncltech\physicsengine.cpp(335): warning C4715: 'PhysicsEngine::OctreeCheck' : not all control paths return a value
         Finished generating code
     1>ncltech.lib(NCLDebug.obj) : warning LNK4049: locally defined symbol ___glewGetUniformLocation imported
     1>ncltech.lib(NCLDebug.obj) : warning LNK4049: locally defined symbol ___glewEnableVertexAttribArray imported
     1>ncltech.lib(NCLDebug.obj) : warning LNK4049: locally defined symbol ___glewUniform1i imported
     1>ncltech.lib(NCLDebug.obj) : warning LNK4049: locally defined symbol ___glewGenBuffers imported
     1>ncltech.lib(NCLDebug.obj) : warning LNK4049: locally defined symbol ___glewDeleteBuffers imported
     1>ncltech.lib(NCLDebug.obj) : warning LNK4049: locally defined symbol ___glewUniform1f imported
     1>ncltech.lib(NCLDebug.obj) : warning LNK4049: locally defined symbol ___glewUniformMatrix4fv imported
     1>ncltech.lib(NCLDebug.obj) : warning LNK4049: locally defined symbol ___glewBindVertexArray imported
     1>ncltech.lib(NCLDebug.obj) : warning LNK4049: locally defined symbol ___glewBufferData imported
     1>ncltech.lib(NCLDebug.obj) : warning LNK4049: locally defined symbol ___glewUseProgram imported
     1>ncltech.lib(NCLDebug.obj) : warning LNK4049: locally defined symbol ___glewGenVertexArrays imported
     1>ncltech.lib(NCLDebug.obj) : warning LNK4049: locally defined symbol ___glewVertexAttribPointer imported
     1>ncltech.lib(NCLDebug.obj) : warning LNK4049: locally defined symbol ___glewBufferSubData imported
     1>ncltech.lib(NCLDebug.obj) : warning LNK4049: locally defined symbol ___glewActiveTexture imported
     1>ncltech.lib(NCLDebug.obj) : warning LNK4049: locally defined symbol ___glewDeleteVertexArrays imported
     1>ncltech.lib(NCLDebug.obj) : warning LNK4049: locally defined symbol ___glewBindBuffer imported
     1>ncltech.lib(Scene.obj) : warning LNK4049: locally defined symbol ___glewCheckFramebufferStatus imported
     1>ncltech.lib(Scene.obj) : warning LNK4049: locally defined symbol ___glewUniform3fv imported
     1>ncltech.lib(Scene.obj) : warning LNK4049: locally defined symbol ___glewBindFramebuffer imported
     1>ncltech.lib(Scene.obj) : warning LNK4049: locally defined symbol ___glewGenFramebuffers imported
     1>ncltech.lib(Scene.obj) : warning LNK4049: locally defined symbol ___glewUniform4fv imported
     1>ncltech.lib(Scene.obj) : warning LNK4049: locally defined symbol ___glewDeleteFramebuffers imported
     1>ncltech.lib(Scene.obj) : warning LNK4049: locally defined symbol ___glewFramebufferTexture2D imported
     1>ncltech.lib(Scene.obj) : warning LNK4049: locally defined symbol ___glewTexImage2DMultisample imported
     1>ncltech.lib(Scene.obj) : warning LNK4049: locally defined symbol ___glewStencilOpSeparate imported
     1>ncltech.lib(Scene.obj) : warning LNK4049: locally defined symbol ___glewBlitFramebuffer imported
     1>SOIL.lib(SOIL.obj) : warning LNK4099: PDB 'vc120.pdb' was not found with 'SOIL.lib(SOIL.obj)' or at 'C:\Users\Yulong\Documents\GitHub\Team-Project-Newcastle\GameTechCW\GameTechCW\GameTechnologies\Release\vc120.pdb'; linking object as if no debug info
     1>SOIL.lib(stb_image_aug.obj) : warning LNK4099: PDB 'vc120.pdb' was not found with 'SOIL.lib(stb_image_aug.obj)' or at 'C:\Users\Yulong\Documents\GitHub\Team-Project-Newcastle\GameTechCW\GameTechCW\GameTechnologies\Release\vc120.pdb'; linking object as if no debug info
     1>SOIL.lib(image_helper.obj) : warning LNK4099: PDB 'vc120.pdb' was not found with 'SOIL.lib(image_helper.obj)' or at 'C:\Users\Yulong\Documents\GitHub\Team-Project-Newcastle\GameTechCW\GameTechCW\GameTechnologies\Release\vc120.pdb'; linking object as if no debug info
     1>SOIL.lib(image_DXT.obj) : warning LNK4099: PDB 'vc120.pdb' was not found with 'SOIL.lib(image_DXT.obj)' or at 'C:\Users\Yulong\Documents\GitHub\Team-Project-Newcastle\GameTechCW\GameTechCW\GameTechnologies\Release\vc120.pdb'; linking object as if no debug info
     1>glew32.lib(glew.obj) : warning LNK4099: PDB 'vc120.pdb' was not found with 'glew32.lib(glew.obj)' or at 'C:\Users\Yulong\Documents\GitHub\Team-Project-Newcastle\GameTechCW\GameTechCW\GameTechnologies\Release\vc120.pdb'; linking object as if no debug info
         GameTech CW.vcxproj -> C:\Users\Yulong\Documents\GitHub\Team-Project-Newcastle\GameTechCW\GameTechCW\GameTechnologies\Release\GameTech CW.exe
     1>Done Building Project "C:\Users\Yulong\Documents\GitHub\Team-Project-Newcastle\GameTechCW\GameTechCW\GameTechnologies\GameTech CW\GameTech CW.vcxproj" (Build target(s)).

Build succeeded.

Time Elapsed 00:00:04.03
