h:\github\team-project-newcastle\gametechcw\ncltech\release\vc120.pdb
h:\github\team-project-newcastle\gametechcw\ncltech\release\simplemeshobject.obj
h:\github\team-project-newcastle\gametechcw\ncltech\release\scene.obj
h:\github\team-project-newcastle\gametechcw\ncltech\release\pyramidcollisionshape.obj
h:\github\team-project-newcastle\gametechcw\ncltech\release\player.obj
h:\github\team-project-newcastle\gametechcw\ncltech\release\physicsobject.obj
h:\github\team-project-newcastle\gametechcw\ncltech\release\physicsengine.obj
h:\github\team-project-newcastle\gametechcw\ncltech\release\offstate.obj
h:\github\team-project-newcastle\gametechcw\ncltech\release\manifold.obj
h:\github\team-project-newcastle\gametechcw\ncltech\release\hull.obj
h:\github\team-project-newcastle\gametechcw\ncltech\release\gameobject.obj
h:\github\team-project-newcastle\gametechcw\ncltech\release\ncldebug.obj
h:\github\team-project-newcastle\gametechcw\ncltech\release\homestate.obj
h:\github\team-project-newcastle\gametechcw\ncltech\release\guardstate.obj
h:\github\team-project-newcastle\gametechcw\ncltech\release\gameobjectmag.obj
h:\github\team-project-newcastle\gametechcw\ncltech\release\cuboidcollisionshape.obj
h:\github\team-project-newcastle\gametechcw\ncltech\release\constraint.obj
h:\github\team-project-newcastle\gametechcw\ncltech\release\collisiondetection.obj
h:\github\team-project-newcastle\gametechcw\ncltech\release\assetsmanager.obj
h:\github\team-project-newcastle\gametechcw\ncltech\release\arbitraryai.obj
h:\github\team-project-newcastle\gametechcw\ncltech\release\actionhandler.obj
h:\github\team-project-newcastle\gametechcw\ncltech\release\spherecollisionshape.obj
h:\github\team-project-newcastle\gametechcw\gametechnologies\release\ncltech.lib
h:\github\team-project-newcastle\gametechcw\ncltech\release\ncltech.tlog\cl.command.1.tlog
h:\github\team-project-newcastle\gametechcw\ncltech\release\ncltech.tlog\cl.read.1.tlog
h:\github\team-project-newcastle\gametechcw\ncltech\release\ncltech.tlog\cl.write.1.tlog
h:\github\team-project-newcastle\gametechcw\ncltech\release\ncltech.tlog\lib-link.read.1.tlog
h:\github\team-project-newcastle\gametechcw\ncltech\release\ncltech.tlog\lib-link.write.1.tlog
h:\github\team-project-newcastle\gametechcw\ncltech\release\ncltech.tlog\lib.command.1.tlog
