Build started 3/1/2016 4:38:10 PM.
     1>Project "D:\GIthub\Team-Project-Newcastle\GameTechCW\ncltech\ncltech.vcxproj" on node 2 (Build target(s)).
     1>C:\Program Files (x86)\MSBuild\Microsoft.Cpp\v4.0\V120\Microsoft.CppBuild.targets(381,5): warning MSB8028: The intermediate directory (Release\) contains files shared from another project (ncltech.vcxproj).  This can lead to incorrect clean and rebuild behavior.
     1>Lib:
         C:\Program Files (x86)\Microsoft Visual Studio 12.0\VC\bin\Lib.exe /OUT:"D:\GIthub\Team-Project-Newcastle\GameTechCW\GameTechnologies\Release\Physics.lib" /NOLOGO /LTCG Release\Network.obj
         Release\Server.obj
         Release\Client.obj
         Release\ActionHandler.obj
         Release\ArbitraryAI.obj
         Release\CollisionDetection.obj
         Release\Constraint.obj
         Release\CuboidCollisionShape.obj
         Release\CylinderCollisionShape.obj
         Release\GameObjectMag.obj
         Release\GuardState.obj
         Release\HomeState.obj
         Release\NCLDebug.obj
         Release\GameObject.obj
         Release\Hull.obj
         Release\Manifold.obj
         Release\OffState.obj
         Release\PhysicsEngine.obj
         Release\PhysicsObject.obj
         Release\PiramidCollisionShape.obj
         Release\Player.obj
         Release\Scene.obj
         Release\SimpleMeshObject.obj
         Release\SphereCollisionShape.obj
         ncltech.vcxproj -> D:\GIthub\Team-Project-Newcastle\GameTechCW\GameTechnologies\Release\Physics.lib
     1>Done Building Project "D:\GIthub\Team-Project-Newcastle\GameTechCW\ncltech\ncltech.vcxproj" (Build target(s)).

Build succeeded.

Time Elapsed 00:00:01.31
