Build started 3/11/2016 1:34:44 AM.
     1>Project "H:\GitHub\Team-Project-Newcastle\GameTechCW\GameTechnologies\GameTech CW\GameTech CW.vcxproj" on node 2 (Rebuild target(s)).
     1>C:\Program Files (x86)\MSBuild\Microsoft.Cpp\v4.0\V120\Microsoft.CppClean.targets(76,5): warning : Access to the path 'h:\github\team-project-newcastle\gametechcw\gametechnologies\gametech cw\release\vc120.pdb' is denied.
     1>C:\Program Files (x86)\MSBuild\Microsoft.Cpp\v4.0\V120\Microsoft.CppBuild.targets(381,5): warning MSB8028: The intermediate directory (Release\) contains files shared from another project (Tutorial1 - Integration.vcxproj).  This can lead to incorrect clean and rebuild behavior.
     1>ClCompile:
         C:\Program Files (x86)\Microsoft Visual Studio 12.0\VC\bin\CL.exe /c /I../FMOD/inc/ /Zi /nologo /W3 /WX- /sdl /O2 /Oi /Oy- /GL /D _MBCS /Gm- /EHsc /MD /GS /Gy /fp:precise /Zc:wchar_t /Zc:forScope /Fo"Release\\" /Fd"Release\vc120.pdb" /Gd /TP /analyze- /errorReport:prompt ..\..\ncltech\Audio.cpp ClientSession.cpp Game.cpp main.cpp MyScene.cpp Network.cpp ParticleEmitter.cpp Server.cpp Thread.cpp
         Audio.cpp
     1>..\..\ncltech\Audio.cpp : fatal error C1041: cannot open program database 'h:\github\team-project-newcastle\gametechcw\gametechnologies\gametech cw\release\vc120.pdb'; if multiple CL.EXE write to the same .PDB file, please use /FS
         ClientSession.cpp
     1>ClientSession.cpp : fatal error C1041: cannot open program database 'h:\github\team-project-newcastle\gametechcw\gametechnologies\gametech cw\release\vc120.pdb'; if multiple CL.EXE write to the same .PDB file, please use /FS
         Game.cpp
     1>Game.cpp : fatal error C1041: cannot open program database 'h:\github\team-project-newcastle\gametechcw\gametechnologies\gametech cw\release\vc120.pdb'; if multiple CL.EXE write to the same .PDB file, please use /FS
         main.cpp
     1>main.cpp : fatal error C1041: cannot open program database 'h:\github\team-project-newcastle\gametechcw\gametechnologies\gametech cw\release\vc120.pdb'; if multiple CL.EXE write to the same .PDB file, please use /FS
         MyScene.cpp
     1>MyScene.cpp : fatal error C1041: cannot open program database 'h:\github\team-project-newcastle\gametechcw\gametechnologies\gametech cw\release\vc120.pdb'; if multiple CL.EXE write to the same .PDB file, please use /FS
         Network.cpp
     1>Network.cpp : fatal error C1041: cannot open program database 'h:\github\team-project-newcastle\gametechcw\gametechnologies\gametech cw\release\vc120.pdb'; if multiple CL.EXE write to the same .PDB file, please use /FS
         ParticleEmitter.cpp
     1>ParticleEmitter.cpp : fatal error C1041: cannot open program database 'h:\github\team-project-newcastle\gametechcw\gametechnologies\gametech cw\release\vc120.pdb'; if multiple CL.EXE write to the same .PDB file, please use /FS
         Server.cpp
     1>Server.cpp : fatal error C1041: cannot open program database 'h:\github\team-project-newcastle\gametechcw\gametechnologies\gametech cw\release\vc120.pdb'; if multiple CL.EXE write to the same .PDB file, please use /FS
         Thread.cpp
     1>Thread.cpp : fatal error C1041: cannot open program database 'h:\github\team-project-newcastle\gametechcw\gametechnologies\gametech cw\release\vc120.pdb'; if multiple CL.EXE write to the same .PDB file, please use /FS
     1>Done Building Project "H:\GitHub\Team-Project-Newcastle\GameTechCW\GameTechnologies\GameTech CW\GameTech CW.vcxproj" (Rebuild target(s)) -- FAILED.

Build FAILED.

Time Elapsed 00:00:00.46
