d:\github\team-project-newcastle\team-project-newcastle-eric\team-project-newcastle-eric-test-1\team-project-newcastle-eric-test-1\gametechcw\gametechnologies\gametech cw\release\vc120.pdb
d:\github\team-project-newcastle\team-project-newcastle-eric\team-project-newcastle-eric-test-1\team-project-newcastle-eric-test-1\gametechcw\gametechnologies\gametech cw\release\main.obj
d:\github\team-project-newcastle\team-project-newcastle-eric\team-project-newcastle-eric-test-1\team-project-newcastle-eric-test-1\gametechcw\gametechnologies\gametech cw\release\myscene.obj
d:\github\team-project-newcastle\team-project-newcastle-eric\team-project-newcastle-eric-test-1\team-project-newcastle-eric-test-1\gametechcw\gametechnologies\gametech cw\release\particleemitter.obj
d:\github\team-project-newcastle\team-project-newcastle-eric\team-project-newcastle-eric-test-1\team-project-newcastle-eric-test-1\gametechcw\gametechnologies\gametech cw\release\audio.obj
d:\github\team-project-newcastle\team-project-newcastle-eric\team-project-newcastle-eric-test-1\team-project-newcastle-eric-test-1\gametechcw\gametechnologies\release\gametech cw.exe
d:\github\team-project-newcastle\team-project-newcastle-eric\team-project-newcastle-eric-test-1\team-project-newcastle-eric-test-1\gametechcw\gametechnologies\release\gametech cw.pdb
c:\users\cmdadmin\desktop\team-project-newcastle - brook\team-project-newcastle - brook\team-project-newcastle-eric\gametechnologies\gametech cw\release\audio.obj
c:\users\cmdadmin\desktop\team-project-newcastle - brook\team-project-newcastle - brook\team-project-newcastle-eric\gametechnologies\gametech cw\release\main.obj
c:\users\cmdadmin\desktop\team-project-newcastle - brook\team-project-newcastle - brook\team-project-newcastle-eric\gametechnologies\gametech cw\release\myscene.obj
c:\users\cmdadmin\desktop\team-project-newcastle - brook\team-project-newcastle - brook\team-project-newcastle-eric\gametechnologies\gametech cw\release\particleemitter.obj
c:\users\cmdadmin\desktop\team-project-newcastle - brook\team-project-newcastle - brook\team-project-newcastle-eric\gametechnologies\gametech cw\release\vc120.pdb
c:\users\cmdadmin\desktop\team-project-newcastle - brook\team-project-newcastle - brook\team-project-newcastle-eric\gametechnologies\release\gametech cw.pdb
c:\users\cmdadmin\desktop\team-project-newcastle - brook\team-project-newcastle - brook\team-project-newcastle-eric\gametechnologies\release\gametech cw.exe
c:\users\cmdadmin\desktop\team-project-newcastle - brook\team-project-newcastle - brook\team-project-newcastle-eric\gametechnologies\gametech cw\release\gametech cw.tlog\cl.command.1.tlog
c:\users\cmdadmin\desktop\team-project-newcastle - brook\team-project-newcastle - brook\team-project-newcastle-eric\gametechnologies\gametech cw\release\gametech cw.tlog\cl.read.1.tlog
c:\users\cmdadmin\desktop\team-project-newcastle - brook\team-project-newcastle - brook\team-project-newcastle-eric\gametechnologies\gametech cw\release\gametech cw.tlog\cl.write.1.tlog
c:\users\cmdadmin\desktop\team-project-newcastle - brook\team-project-newcastle - brook\team-project-newcastle-eric\gametechnologies\gametech cw\release\gametech cw.tlog\link.command.1.tlog
c:\users\cmdadmin\desktop\team-project-newcastle - brook\team-project-newcastle - brook\team-project-newcastle-eric\gametechnologies\gametech cw\release\gametech cw.tlog\link.read.1.tlog
c:\users\cmdadmin\desktop\team-project-newcastle - brook\team-project-newcastle - brook\team-project-newcastle-eric\gametechnologies\gametech cw\release\gametech cw.tlog\link.write.1.tlog
