Build started 2/22/2016 11:38:41 PM.
     1>Project "H:\GitHub\Team-Project-Newcastle\Threaded Server\ThreadedServer\ThreadedServer\ThreadedServer.vcxproj" on node 2 (Rebuild target(s)).
     1>ClCompile:
         C:\Program Files (x86)\Microsoft Visual Studio 12.0\VC\bin\CL.exe /c /ZI /nologo /W3 /WX- /sdl /Od /Oy- /D WIN32 /D _DEBUG /D _CONSOLE /D _LIB /D _UNICODE /D UNICODE /Gm /EHsc /RTC1 /MDd /GS /fp:precise /Zc:wchar_t /Zc:forScope /Fo"Debug\\" /Fd"Debug\vc120.pdb" /Gd /TP /analyze- /errorReport:prompt main.cpp Network.cpp Server.cpp
         Server.cpp
         Network.cpp
         main.cpp
         Generating Code...
       Link:
         C:\Program Files (x86)\Microsoft Visual Studio 12.0\VC\bin\link.exe /ERRORREPORT:PROMPT /OUT:"H:\GitHub\Team-Project-Newcastle\Threaded Server\ThreadedServer\Debug\ThreadedServer.exe" /INCREMENTAL /NOLOGO kernel32.lib user32.lib gdi32.lib winspool.lib comdlg32.lib advapi32.lib shell32.lib ole32.lib oleaut32.lib uuid.lib odbc32.lib odbccp32.lib kernel32.lib user32.lib gdi32.lib winspool.lib comdlg32.lib advapi32.lib shell32.lib ole32.lib oleaut32.lib uuid.lib odbc32.lib odbccp32.lib /MANIFEST /MANIFESTUAC:"level='asInvoker' uiAccess='false'" /manifest:embed /DEBUG /PDB:"H:\GitHub\Team-Project-Newcastle\Threaded Server\ThreadedServer\Debug\ThreadedServer.pdb" /SUBSYSTEM:CONSOLE /TLBID:1 /DYNAMICBASE /NXCOMPAT /IMPLIB:"H:\GitHub\Team-Project-Newcastle\Threaded Server\ThreadedServer\Debug\ThreadedServer.lib" /MACHINE:X86 Debug\main.obj
         Debug\Network.obj
         Debug\Server.obj
     1>Network.obj : error LNK2019: unresolved external symbol "public: __thiscall Quaternion::Quaternion(float,float,float,float)" (??0Quaternion@@QAE@MMMM@Z) referenced in function "public: virtual void __stdcall Network::receiveMessage(unsigned int)" (?receiveMessage@Network@@UAGXI@Z)
     1>Network.obj : error LNK2019: unresolved external symbol "public: __thiscall Quaternion::~Quaternion(void)" (??1Quaternion@@QAE@XZ) referenced in function "public: virtual void __stdcall Network::receiveMessage(unsigned int)" (?receiveMessage@Network@@UAGXI@Z)
     1>Server.obj : error LNK2001: unresolved external symbol "public: __thiscall Quaternion::~Quaternion(void)" (??1Quaternion@@QAE@XZ)
     1>Server.obj : error LNK2019: unresolved external symbol "public: __thiscall Quaternion::Quaternion(void)" (??0Quaternion@@QAE@XZ) referenced in function "public: __thiscall gameObjectData::gameObjectData(void)" (??0gameObjectData@@QAE@XZ)
     1>H:\GitHub\Team-Project-Newcastle\Threaded Server\ThreadedServer\Debug\ThreadedServer.exe : fatal error LNK1120: 3 unresolved externals
     1>Done Building Project "H:\GitHub\Team-Project-Newcastle\Threaded Server\ThreadedServer\ThreadedServer\ThreadedServer.vcxproj" (Rebuild target(s)) -- FAILED.

Build FAILED.

Time Elapsed 00:00:03.06
