Build started 09/02/2016 15:53:04.
     1>Project "C:\Users\b2029074\Desktop\Team-Project-Newcastle-Eric\Team-Project-Newcastle-Eric\Team-Project-Newcastle-Eric-Test-1\Team-Project-Newcastle-Eric-Test-1\GameTechCW\ncltech\ncltech.vcxproj" on node 2 (Build target(s)).
     1>ClCompile:
         C:\Program Files (x86)\Microsoft Visual Studio 12.0\VC\bin\CL.exe /c /Zi /nologo /W3 /WX- /sdl /O2 /Oi /Oy- /GL /D _MBCS /Gm- /EHsc /MD /GS /Gy /fp:precise /Zc:wchar_t /Zc:forScope /Fo"Release\\" /Fd"Release\vc120.pdb" /Gd /TP /analyze- /errorReport:prompt GameObjectMag.cpp
         GameObjectMag.cpp
     1>GameObjectMag.cpp(16): warning C4244: 'argument' : conversion from 'float' to 'int', possible loss of data
       Lib:
         C:\Program Files (x86)\Microsoft Visual Studio 12.0\VC\bin\Lib.exe /OUT:"C:\Users\b2029074\Desktop\Team-Project-Newcastle-Eric\Team-Project-Newcastle-Eric\Team-Project-Newcastle-Eric-Test-1\Team-Project-Newcastle-Eric-Test-1\GameTechCW\GameTechnologies\Release\ncltech.lib" /NOLOGO /LTCG Release\ActionHandler.obj
         Release\ArbitraryAI.obj
         Release\AssetsManager.obj
         Release\CollisionDetection.obj
         Release\Constraint.obj
         Release\CuboidCollisionShape.obj
         Release\GameObjectMag.obj
         Release\GuardState.obj
         Release\HomeState.obj
         Release\NCLDebug.obj
         Release\GameObject.obj
         Release\Hull.obj
         Release\Manifold.obj
         Release\OffState.obj
         Release\PhysicsEngine.obj
         Release\PhysicsObject.obj
         Release\Scene.obj
         Release\SimpleMeshObject.obj
         Release\SphereCollisionShape.obj
         ncltech.vcxproj -> C:\Users\b2029074\Desktop\Team-Project-Newcastle-Eric\Team-Project-Newcastle-Eric\Team-Project-Newcastle-Eric-Test-1\Team-Project-Newcastle-Eric-Test-1\GameTechCW\GameTechnologies\Release\ncltech.lib
     1>Done Building Project "C:\Users\b2029074\Desktop\Team-Project-Newcastle-Eric\Team-Project-Newcastle-Eric\Team-Project-Newcastle-Eric-Test-1\Team-Project-Newcastle-Eric-Test-1\GameTechCW\ncltech\ncltech.vcxproj" (Build target(s)).

Build succeeded.

Time Elapsed 00:00:01.33
