\\campus\home\home2015\b5063446\downloads\team-project-newcastle-eric-test1\gametechcw\nclgl\release\vc120.pdb
\\campus\home\home2015\b5063446\downloads\team-project-newcastle-eric-test1\gametechcw\nclgl\release\window.obj
\\campus\home\home2015\b5063446\downloads\team-project-newcastle-eric-test1\gametechcw\nclgl\release\shader.obj
\\campus\home\home2015\b5063446\downloads\team-project-newcastle-eric-test1\gametechcw\nclgl\release\scenenode.obj
\\campus\home\home2015\b5063446\downloads\team-project-newcastle-eric-test1\gametechcw\nclgl\release\quaternion.obj
\\campus\home\home2015\b5063446\downloads\team-project-newcastle-eric-test1\gametechcw\nclgl\release\plane.obj
\\campus\home\home2015\b5063446\downloads\team-project-newcastle-eric-test1\gametechcw\nclgl\release\oglrenderer.obj
\\campus\home\home2015\b5063446\downloads\team-project-newcastle-eric-test1\gametechcw\nclgl\release\objmesh.obj
\\campus\home\home2015\b5063446\downloads\team-project-newcastle-eric-test1\gametechcw\nclgl\release\mouse.obj
\\campus\home\home2015\b5063446\downloads\team-project-newcastle-eric-test1\gametechcw\nclgl\release\mesh.obj
\\campus\home\home2015\b5063446\downloads\team-project-newcastle-eric-test1\gametechcw\nclgl\release\md5node.obj
\\campus\home\home2015\b5063446\downloads\team-project-newcastle-eric-test1\gametechcw\nclgl\release\md5mesh.obj
\\campus\home\home2015\b5063446\downloads\team-project-newcastle-eric-test1\gametechcw\nclgl\release\md5filedata.obj
\\campus\home\home2015\b5063446\downloads\team-project-newcastle-eric-test1\gametechcw\nclgl\release\md5anim.obj
\\campus\home\home2015\b5063446\downloads\team-project-newcastle-eric-test1\gametechcw\nclgl\release\matrix4.obj
\\campus\home\home2015\b5063446\downloads\team-project-newcastle-eric-test1\gametechcw\nclgl\release\matrix3.obj
\\campus\home\home2015\b5063446\downloads\team-project-newcastle-eric-test1\gametechcw\nclgl\release\keyboard.obj
\\campus\home\home2015\b5063446\downloads\team-project-newcastle-eric-test1\gametechcw\nclgl\release\gametimer.obj
\\campus\home\home2015\b5063446\downloads\team-project-newcastle-eric-test1\gametechcw\nclgl\release\frustum.obj
\\campus\home\home2015\b5063446\downloads\team-project-newcastle-eric-test1\gametechcw\nclgl\release\cuberobot.obj
\\campus\home\home2015\b5063446\downloads\team-project-newcastle-eric-test1\gametechcw\nclgl\release\camera.obj
d:\ai added to erics solution\team-project-newcastle-eric-test1\gametechcw\nclgl\release\vc120.pdb
d:\ai added to erics solution\team-project-newcastle-eric-test1\gametechcw\nclgl\release\window.obj
d:\ai added to erics solution\team-project-newcastle-eric-test1\gametechcw\nclgl\release\shader.obj
d:\ai added to erics solution\team-project-newcastle-eric-test1\gametechcw\nclgl\release\scenenode.obj
d:\ai added to erics solution\team-project-newcastle-eric-test1\gametechcw\nclgl\release\quaternion.obj
d:\ai added to erics solution\team-project-newcastle-eric-test1\gametechcw\nclgl\release\plane.obj
d:\ai added to erics solution\team-project-newcastle-eric-test1\gametechcw\nclgl\release\oglrenderer.obj
d:\ai added to erics solution\team-project-newcastle-eric-test1\gametechcw\nclgl\release\objmesh.obj
d:\ai added to erics solution\team-project-newcastle-eric-test1\gametechcw\nclgl\release\mouse.obj
d:\ai added to erics solution\team-project-newcastle-eric-test1\gametechcw\nclgl\release\mesh.obj
d:\ai added to erics solution\team-project-newcastle-eric-test1\gametechcw\nclgl\release\md5node.obj
d:\ai added to erics solution\team-project-newcastle-eric-test1\gametechcw\nclgl\release\md5mesh.obj
d:\ai added to erics solution\team-project-newcastle-eric-test1\gametechcw\nclgl\release\md5filedata.obj
d:\ai added to erics solution\team-project-newcastle-eric-test1\gametechcw\nclgl\release\md5anim.obj
d:\ai added to erics solution\team-project-newcastle-eric-test1\gametechcw\nclgl\release\matrix4.obj
d:\ai added to erics solution\team-project-newcastle-eric-test1\gametechcw\nclgl\release\matrix3.obj
d:\ai added to erics solution\team-project-newcastle-eric-test1\gametechcw\nclgl\release\keyboard.obj
d:\ai added to erics solution\team-project-newcastle-eric-test1\gametechcw\nclgl\release\gametimer.obj
d:\ai added to erics solution\team-project-newcastle-eric-test1\gametechcw\nclgl\release\frustum.obj
d:\ai added to erics solution\team-project-newcastle-eric-test1\gametechcw\nclgl\release\cuberobot.obj
d:\ai added to erics solution\team-project-newcastle-eric-test1\gametechcw\nclgl\release\camera.obj
\\campus\home\home2015\b5063446\downloads\team-project-newcastle-eric-test1\gametechcw\gametechnologies\release\nclgl.lib
d:\ai added to erics solution\team-project-newcastle-eric-test1\gametechcw\gametechnologies\release\nclgl.lib
d:\ai added to erics solution\nclgl\release\camera.obj
d:\ai added to erics solution\nclgl\release\cuberobot.obj
d:\ai added to erics solution\nclgl\release\frustum.obj
d:\ai added to erics solution\nclgl\release\gametimer.obj
d:\ai added to erics solution\nclgl\release\keyboard.obj
d:\ai added to erics solution\nclgl\release\matrix3.obj
d:\ai added to erics solution\nclgl\release\matrix4.obj
d:\ai added to erics solution\nclgl\release\md5anim.obj
d:\ai added to erics solution\nclgl\release\md5filedata.obj
d:\ai added to erics solution\nclgl\release\md5mesh.obj
d:\ai added to erics solution\nclgl\release\md5node.obj
d:\ai added to erics solution\nclgl\release\mesh.obj
d:\ai added to erics solution\nclgl\release\mouse.obj
d:\ai added to erics solution\nclgl\release\objmesh.obj
d:\ai added to erics solution\nclgl\release\oglrenderer.obj
d:\ai added to erics solution\nclgl\release\plane.obj
d:\ai added to erics solution\nclgl\release\quaternion.obj
d:\ai added to erics solution\nclgl\release\scenenode.obj
d:\ai added to erics solution\nclgl\release\shader.obj
d:\ai added to erics solution\nclgl\release\window.obj
d:\ai added to erics solution\nclgl\release\vc120.pdb
d:\ai added to erics solution\gametechnologies\release\nclgl.lib
d:\ai added to erics solution\nclgl\release\nclgl.tlog\cl.command.1.tlog
d:\ai added to erics solution\nclgl\release\nclgl.tlog\cl.read.1.tlog
d:\ai added to erics solution\nclgl\release\nclgl.tlog\cl.write.1.tlog
d:\ai added to erics solution\nclgl\release\nclgl.tlog\lib-link.read.1.tlog
d:\ai added to erics solution\nclgl\release\nclgl.tlog\lib-link.write.1.tlog
d:\ai added to erics solution\nclgl\release\nclgl.tlog\lib.command.1.tlog
