c:\users\cmdadmin\documents\visual studio 2013\projects\csc8503 framework\ncltech\release\vc120.pdb
c:\users\cmdadmin\documents\visual studio 2013\projects\csc8503 framework\ncltech\release\toruscollisionshape.obj
c:\users\cmdadmin\documents\visual studio 2013\projects\csc8503 framework\ncltech\release\spherecollisionshape.obj
c:\users\cmdadmin\documents\visual studio 2013\projects\csc8503 framework\ncltech\release\source.obj
c:\users\cmdadmin\documents\visual studio 2013\projects\csc8503 framework\ncltech\release\simplemeshobject.obj
c:\users\cmdadmin\documents\visual studio 2013\projects\csc8503 framework\ncltech\release\scene.obj
c:\users\cmdadmin\documents\visual studio 2013\projects\csc8503 framework\ncltech\release\piramidcollisionshape.obj
c:\users\cmdadmin\documents\visual studio 2013\projects\csc8503 framework\ncltech\release\physicsobject.obj
c:\users\cmdadmin\documents\visual studio 2013\projects\csc8503 framework\ncltech\release\physicsengine.obj
c:\users\cmdadmin\documents\visual studio 2013\projects\csc8503 framework\ncltech\release\manifold.obj
c:\users\cmdadmin\documents\visual studio 2013\projects\csc8503 framework\ncltech\release\hull.obj
c:\users\cmdadmin\documents\visual studio 2013\projects\csc8503 framework\ncltech\release\gameobject.obj
c:\users\cmdadmin\documents\visual studio 2013\projects\csc8503 framework\ncltech\release\ncldebug.obj
c:\users\cmdadmin\documents\visual studio 2013\projects\csc8503 framework\ncltech\release\cuboidcollisionshape.obj
c:\users\cmdadmin\documents\visual studio 2013\projects\csc8503 framework\ncltech\release\constraint.obj
c:\users\cmdadmin\documents\visual studio 2013\projects\csc8503 framework\ncltech\release\commonmeshes.obj
c:\users\cmdadmin\documents\visual studio 2013\projects\csc8503 framework\ncltech\release\collisiondetection.obj
c:\users\cmdadmin\documents\visual studio 2013\projects\csc8503 framework\game technologies\release\ncltech.lib
c:\users\cmdadmin\documents\visual studio 2013\projects\csc8503 framework\ncltech\release\ncltech.tlog\cl.command.1.tlog
c:\users\cmdadmin\documents\visual studio 2013\projects\csc8503 framework\ncltech\release\ncltech.tlog\cl.read.1.tlog
c:\users\cmdadmin\documents\visual studio 2013\projects\csc8503 framework\ncltech\release\ncltech.tlog\cl.write.1.tlog
c:\users\cmdadmin\documents\visual studio 2013\projects\csc8503 framework\ncltech\release\ncltech.tlog\lib-link.read.1.tlog
c:\users\cmdadmin\documents\visual studio 2013\projects\csc8503 framework\ncltech\release\ncltech.tlog\lib-link.write.1.tlog
c:\users\cmdadmin\documents\visual studio 2013\projects\csc8503 framework\ncltech\release\ncltech.tlog\lib.command.1.tlog
