c:\users\cmdadmin\documents\visual studio 2013\projects\csc8503 framework\nclgl\release\vc120.pdb
c:\users\cmdadmin\documents\visual studio 2013\projects\csc8503 framework\nclgl\release\window.obj
c:\users\cmdadmin\documents\visual studio 2013\projects\csc8503 framework\nclgl\release\shader.obj
c:\users\cmdadmin\documents\visual studio 2013\projects\csc8503 framework\nclgl\release\scenenode.obj
c:\users\cmdadmin\documents\visual studio 2013\projects\csc8503 framework\nclgl\release\quaternion.obj
c:\users\cmdadmin\documents\visual studio 2013\projects\csc8503 framework\nclgl\release\plane.obj
c:\users\cmdadmin\documents\visual studio 2013\projects\csc8503 framework\nclgl\release\oglrenderer.obj
c:\users\cmdadmin\documents\visual studio 2013\projects\csc8503 framework\nclgl\release\objmesh.obj
c:\users\cmdadmin\documents\visual studio 2013\projects\csc8503 framework\nclgl\release\mouse.obj
c:\users\cmdadmin\documents\visual studio 2013\projects\csc8503 framework\nclgl\release\mesh.obj
c:\users\cmdadmin\documents\visual studio 2013\projects\csc8503 framework\nclgl\release\md5node.obj
c:\users\cmdadmin\documents\visual studio 2013\projects\csc8503 framework\nclgl\release\md5mesh.obj
c:\users\cmdadmin\documents\visual studio 2013\projects\csc8503 framework\nclgl\release\md5filedata.obj
c:\users\cmdadmin\documents\visual studio 2013\projects\csc8503 framework\nclgl\release\md5anim.obj
c:\users\cmdadmin\documents\visual studio 2013\projects\csc8503 framework\nclgl\release\matrix4.obj
c:\users\cmdadmin\documents\visual studio 2013\projects\csc8503 framework\nclgl\release\matrix3.obj
c:\users\cmdadmin\documents\visual studio 2013\projects\csc8503 framework\nclgl\release\keyboard.obj
c:\users\cmdadmin\documents\visual studio 2013\projects\csc8503 framework\nclgl\release\gametimer.obj
c:\users\cmdadmin\documents\visual studio 2013\projects\csc8503 framework\nclgl\release\frustum.obj
c:\users\cmdadmin\documents\visual studio 2013\projects\csc8503 framework\nclgl\release\cuberobot.obj
c:\users\cmdadmin\documents\visual studio 2013\projects\csc8503 framework\nclgl\release\camera.obj
c:\users\cmdadmin\documents\visual studio 2013\projects\csc8503 framework\game technologies\release\nclgl.lib
c:\users\cmdadmin\documents\visual studio 2013\projects\csc8503 framework\nclgl\release\nclgl.tlog\cl.command.1.tlog
c:\users\cmdadmin\documents\visual studio 2013\projects\csc8503 framework\nclgl\release\nclgl.tlog\cl.read.1.tlog
c:\users\cmdadmin\documents\visual studio 2013\projects\csc8503 framework\nclgl\release\nclgl.tlog\cl.write.1.tlog
c:\users\cmdadmin\documents\visual studio 2013\projects\csc8503 framework\nclgl\release\nclgl.tlog\lib-link.read.1.tlog
c:\users\cmdadmin\documents\visual studio 2013\projects\csc8503 framework\nclgl\release\nclgl.tlog\lib-link.write.1.tlog
c:\users\cmdadmin\documents\visual studio 2013\projects\csc8503 framework\nclgl\release\nclgl.tlog\lib.command.1.tlog
