Build started 3/9/2016 10:12:53 PM.
     1>Project "D:\GIthub\Team-Project-Newcastle\GameTechCW\PS4\GraphicsSkeleton.vcxproj" on node 2 (Build target(s)).
     1>ClCompile:
         PhysicsObject.cpp
         orbis-clang.exe -o ORBIS_Release\PhysicsObject.o -c -MD -MV -fdiagnostics-format=msvc -I"D:\Program Files (x86)\SCE\ORBIS SDKs\3.000\target\samples\sample_code\\" -I"D:\Program Files (x86)\SCE\ORBIS SDKs\3.000\host_tools\lib\clang\include" -I"D:\Program Files (x86)\SCE\ORBIS SDKs\3.000\target\include" -I"D:\Program Files (x86)\SCE\ORBIS SDKs\3.000\target\include_common" -DNDEBUG -DORBIS -Wall -fno-caret-diagnostics -O2 -frtti D:\GIthub\Team-Project-Newcastle\GameTechCW\PS4\PS4Physics\PhysicsObject.cpp
     1>D:\GIthub\Team-Project-Newcastle\GameTechCW\PS4\PS4Physics\PhysicsObject.cpp(36,3): warning : delete called on 'CollisionShape' that is abstract but has non-virtual destructor [-Wdelete-non-virtual-dtor]
         Plane.cpp
         orbis-clang.exe -o ORBIS_Release\Plane.o -c -MD -MV -fdiagnostics-format=msvc -I"D:\Program Files (x86)\SCE\ORBIS SDKs\3.000\target\samples\sample_code\\" -I"D:\Program Files (x86)\SCE\ORBIS SDKs\3.000\host_tools\lib\clang\include" -I"D:\Program Files (x86)\SCE\ORBIS SDKs\3.000\target\include" -I"D:\Program Files (x86)\SCE\ORBIS SDKs\3.000\target\include_common" -DNDEBUG -DORBIS -Wall -fno-caret-diagnostics -O2 -frtti D:\GIthub\Team-Project-Newcastle\GameTechCW\PS4\PS4Physics\Plane.cpp
     1>D:\GIthub\Team-Project-Newcastle\GameTechCW\PS4\PS4Physics\Plane.cpp(26,8): warning : unused variable 'test2' [-Wunused-variable]
         Quaternion.cpp
         orbis-clang.exe -o ORBIS_Release\Quaternion.o -c -MD -MV -fdiagnostics-format=msvc -I"D:\Program Files (x86)\SCE\ORBIS SDKs\3.000\target\samples\sample_code\\" -I"D:\Program Files (x86)\SCE\ORBIS SDKs\3.000\host_tools\lib\clang\include" -I"D:\Program Files (x86)\SCE\ORBIS SDKs\3.000\target\include" -I"D:\Program Files (x86)\SCE\ORBIS SDKs\3.000\target\include_common" -DNDEBUG -DORBIS -Wall -fno-caret-diagnostics -O2 -frtti D:\GIthub\Team-Project-Newcastle\GameTechCW\PS4\PS4Physics\Quaternion.cpp
         SimpleMeshObject.cpp
         orbis-clang.exe -o ORBIS_Release\SimpleMeshObject.o -c -MD -MV -fdiagnostics-format=msvc -I"D:\Program Files (x86)\SCE\ORBIS SDKs\3.000\target\samples\sample_code\\" -I"D:\Program Files (x86)\SCE\ORBIS SDKs\3.000\host_tools\lib\clang\include" -I"D:\Program Files (x86)\SCE\ORBIS SDKs\3.000\target\include" -I"D:\Program Files (x86)\SCE\ORBIS SDKs\3.000\target\include_common" -DNDEBUG -DORBIS -Wall -fno-caret-diagnostics -O2 -frtti D:\GIthub\Team-Project-Newcastle\GameTechCW\PS4\PS4Physics\SimpleMeshObject.cpp
         SphereCollisionShape.cpp
         orbis-clang.exe -o ORBIS_Release\SphereCollisionShape.o -c -MD -MV -fdiagnostics-format=msvc -I"D:\Program Files (x86)\SCE\ORBIS SDKs\3.000\target\samples\sample_code\\" -I"D:\Program Files (x86)\SCE\ORBIS SDKs\3.000\host_tools\lib\clang\include" -I"D:\Program Files (x86)\SCE\ORBIS SDKs\3.000\target\include" -I"D:\Program Files (x86)\SCE\ORBIS SDKs\3.000\target\include_common" -DNDEBUG -DORBIS -Wall -fno-caret-diagnostics -O2 -frtti D:\GIthub\Team-Project-Newcastle\GameTechCW\PS4\PS4Physics\SphereCollisionShape.cpp
         PS4RendererBase.cpp
         orbis-clang.exe -o ORBIS_Release\PS4RendererBase.o -c -MD -MV -fdiagnostics-format=msvc -I"D:\Program Files (x86)\SCE\ORBIS SDKs\3.000\target\samples\sample_code\\" -I"D:\Program Files (x86)\SCE\ORBIS SDKs\3.000\host_tools\lib\clang\include" -I"D:\Program Files (x86)\SCE\ORBIS SDKs\3.000\target\include" -I"D:\Program Files (x86)\SCE\ORBIS SDKs\3.000\target\include_common" -DNDEBUG -DORBIS -Wall -fno-caret-diagnostics -O2 -frtti D:\GIthub\Team-Project-Newcastle\GameTechCW\PS4\PS4RendererBase.cpp
     1>D:\GIthub\Team-Project-Newcastle\GameTechCW\PS4\PS4RendererBase.cpp(1,9): warning : #pragma once in main file
     1>D:\GIthub\Team-Project-Newcastle\GameTechCW\PS4\PS4RendererBase.cpp(26,24): warning : implicit conversion of NULL constant to 'int' [-Wnull-conversion]
     1>D:\GIthub\Team-Project-Newcastle\GameTechCW\PS4\PS4RendererBase.cpp(348,6): warning : unused variable 'indexB' [-Wunused-variable]
     1>D:\GIthub\Team-Project-Newcastle\GameTechCW\PS4\PS4RendererBase.cpp(383,6): warning : unused variable 'indexB' [-Wunused-variable]
     1>D:\GIthub\Team-Project-Newcastle\GameTechCW\PS4\PS4RendererBase.cpp(408,9): warning : unused variable 'a' [-Wunused-variable]
         PS4Shader.cpp
         orbis-clang.exe -o ORBIS_Release\PS4Shader.o -c -MD -MV -fdiagnostics-format=msvc -I"D:\Program Files (x86)\SCE\ORBIS SDKs\3.000\target\samples\sample_code\\" -I"D:\Program Files (x86)\SCE\ORBIS SDKs\3.000\host_tools\lib\clang\include" -I"D:\Program Files (x86)\SCE\ORBIS SDKs\3.000\target\include" -I"D:\Program Files (x86)\SCE\ORBIS SDKs\3.000\target\include_common" -DNDEBUG -DORBIS -Wall -fno-caret-diagnostics -O2 -frtti D:\GIthub\Team-Project-Newcastle\GameTechCW\PS4\PS4Shader.cpp
     1>D:\GIthub\Team-Project-Newcastle\GameTechCW\PS4\PS4Shader.cpp(110,8): warning : unused variable 'a' [-Wunused-variable]
         PS4SoundEmitter.cpp
         orbis-clang.exe -o ORBIS_Release\PS4SoundEmitter.o -c -MD -MV -fdiagnostics-format=msvc -I"D:\Program Files (x86)\SCE\ORBIS SDKs\3.000\target\samples\sample_code\\" -I"D:\Program Files (x86)\SCE\ORBIS SDKs\3.000\host_tools\lib\clang\include" -I"D:\Program Files (x86)\SCE\ORBIS SDKs\3.000\target\include" -I"D:\Program Files (x86)\SCE\ORBIS SDKs\3.000\target\include_common" -DNDEBUG -DORBIS -Wall -fno-caret-diagnostics -O2 -frtti D:\GIthub\Team-Project-Newcastle\GameTechCW\PS4\PS4SoundEmitter.cpp
         PS4Texture.cpp
         orbis-clang.exe -o ORBIS_Release\PS4Texture.o -c -MD -MV -fdiagnostics-format=msvc -I"D:\Program Files (x86)\SCE\ORBIS SDKs\3.000\target\samples\sample_code\\" -I"D:\Program Files (x86)\SCE\ORBIS SDKs\3.000\host_tools\lib\clang\include" -I"D:\Program Files (x86)\SCE\ORBIS SDKs\3.000\target\include" -I"D:\Program Files (x86)\SCE\ORBIS SDKs\3.000\target\include_common" -DNDEBUG -DORBIS -Wall -fno-caret-diagnostics -O2 -frtti D:\GIthub\Team-Project-Newcastle\GameTechCW\PS4\PS4Texture.cpp
         RendererBase.cpp
         orbis-clang.exe -o ORBIS_Release\RendererBase.o -c -MD -MV -fdiagnostics-format=msvc -I"D:\Program Files (x86)\SCE\ORBIS SDKs\3.000\target\samples\sample_code\\" -I"D:\Program Files (x86)\SCE\ORBIS SDKs\3.000\host_tools\lib\clang\include" -I"D:\Program Files (x86)\SCE\ORBIS SDKs\3.000\target\include" -I"D:\Program Files (x86)\SCE\ORBIS SDKs\3.000\target\include_common" -DNDEBUG -DORBIS -Wall -fno-caret-diagnostics -O2 -frtti D:\GIthub\Team-Project-Newcastle\GameTechCW\PS4\RendererBase.cpp
         ShaderBase.cpp
         orbis-clang.exe -o ORBIS_Release\ShaderBase.o -c -MD -MV -fdiagnostics-format=msvc -I"D:\Program Files (x86)\SCE\ORBIS SDKs\3.000\target\samples\sample_code\\" -I"D:\Program Files (x86)\SCE\ORBIS SDKs\3.000\host_tools\lib\clang\include" -I"D:\Program Files (x86)\SCE\ORBIS SDKs\3.000\target\include" -I"D:\Program Files (x86)\SCE\ORBIS SDKs\3.000\target\include_common" -DNDEBUG -DORBIS -Wall -fno-caret-diagnostics -O2 -frtti D:\GIthub\Team-Project-Newcastle\GameTechCW\PS4\ShaderBase.cpp
         TextureBase.cpp
         orbis-clang.exe -o ORBIS_Release\TextureBase.o -c -MD -MV -fdiagnostics-format=msvc -I"D:\Program Files (x86)\SCE\ORBIS SDKs\3.000\target\samples\sample_code\\" -I"D:\Program Files (x86)\SCE\ORBIS SDKs\3.000\host_tools\lib\clang\include" -I"D:\Program Files (x86)\SCE\ORBIS SDKs\3.000\target\include" -I"D:\Program Files (x86)\SCE\ORBIS SDKs\3.000\target\include_common" -DNDEBUG -DORBIS -Wall -fno-caret-diagnostics -O2 -frtti D:\GIthub\Team-Project-Newcastle\GameTechCW\PS4\TextureBase.cpp
     1>Project "D:\GIthub\Team-Project-Newcastle\GameTechCW\PS4\GraphicsSkeleton.vcxproj" (1) is building "D:\GIthub\Team-Project-Newcastle\GameTechCW\nclgl\nclgl.vcxproj" (2:3) on node 2 (GetResolvedLinkLibs target(s)).
     2>C:\Program Files (x86)\MSBuild\Microsoft.Cpp\v4.0\V120\Microsoft.CppBuild.targets(381,5): warning MSB8028: The intermediate directory (Release\) contains files shared from another project (nclgl.vcxproj).  This can lead to incorrect clean and rebuild behavior.
     1>Project "D:\GIthub\Team-Project-Newcastle\GameTechCW\PS4\GraphicsSkeleton.vcxproj" (1) is building "D:\GIthub\Team-Project-Newcastle\GameTechCW\ncltech\ncltech.vcxproj" (3:3) on node 1 (GetResolvedLinkLibs target(s)).
     3>C:\Program Files (x86)\MSBuild\Microsoft.Cpp\v4.0\V120\Microsoft.CppBuild.targets(381,5): warning MSB8028: The intermediate directory (Release\) contains files shared from another project (ncltech.vcxproj).  This can lead to incorrect clean and rebuild behavior.
     3>Done Building Project "D:\GIthub\Team-Project-Newcastle\GameTechCW\ncltech\ncltech.vcxproj" (GetResolvedLinkLibs target(s)).
     2>Done Building Project "D:\GIthub\Team-Project-Newcastle\GameTechCW\nclgl\nclgl.vcxproj" (GetResolvedLinkLibs target(s)).
     1>Link:
         D:\Program Files (x86)\SCE\ORBIS SDKs\3.000\host_tools\bin\orbis-ld.exe -o "D:\GIthub\Team-Project-Newcastle\GameTechCW\GameTechnologies\ORBIS_Release\PS4Setting.elf" -L"D:\Program Files (x86)\SCE\ORBIS SDKs\3.000\target\samples\sample_code\graphics\api_gnm\toolkit" --enc --start-group ORBIS_Release\Camera.o ORBIS_Release\InputBase.o ORBIS_Release\main.o ORBIS_Release\Mesh.o ORBIS_Release\OBJMesh.o ORBIS_Release\PS4AudioSystem.o ORBIS_Release\PS4ComputeShader.o ORBIS_Release\PS4Frame.o ORBIS_Release\PS4Input.o ORBIS_Release\PS4MemoryAware.o ORBIS_Release\PS4Mesh.o ORBIS_Release\CollisionDetection.o ORBIS_Release\Constraint.o ORBIS_Release\CuboidCollisionShape.o ORBIS_Release\CylinderCollisionShape.o ORBIS_Release\GameObject.o ORBIS_Release\Hull.o ORBIS_Release\Manifold.o ORBIS_Release\Matrix3.o ORBIS_Release\Matrix4.o ORBIS_Release\NCLDebug.o ORBIS_Release\PhysicsEngine.o ORBIS_Release\PhysicsObject.o ORBIS_Release\Plane.o ORBIS_Release\Quaternion.o ORBIS_Release\Scene.o ORBIS_Release\SimpleMeshObject.o ORBIS_Release\SphereCollisionShape.o ORBIS_Release\PS4RendererBase.o ORBIS_Release\PS4Shader.o ORBIS_Release\PS4SoundEmitter.o ORBIS_Release\PS4Texture.o ORBIS_Release\RendererBase.o ORBIS_Release\ShaderBase.o ORBIS_Release\TextureBase.o "D:\GIthub\Team-Project-Newcastle\GameTechCW\GameTechnologies\Release\OpenGL.lib" "D:\GIthub\Team-Project-Newcastle\GameTechCW\GameTechnologies\Release\Physics.lib" libSceDbgVideoOut_stub_weak.a libSceVideoOut_stub_weak.a libSceGnm.a libSceGnm_debug.a libSceGnmx.a libSceGnmx_debug.a libSceGpuAddress.a libSceGnmDriver_stub_weak.a libSceShaderBinary.a libSceGnf.a libSceGnf_debug.a libScePad_stub_weak.a libSceUserService_stub_weak.a libSceSysmodule_stub_weak.a libSceNgs2_stub_weak.a libSceAudioOut_stub_weak.a toolkit_debug.a "-lSceDbgEnC" --end-group
         GraphicsSkeleton.vcxproj -> D:\GIthub\Team-Project-Newcastle\GameTechCW\GameTechnologies\ORBIS_Release\PS4Setting.elf
     1>Done Building Project "D:\GIthub\Team-Project-Newcastle\GameTechCW\PS4\GraphicsSkeleton.vcxproj" (Build target(s)).

Build succeeded.

Time Elapsed 00:00:04.88
