Build started 3/8/2016 3:38:33 PM.
     1>Project "C:\Users\CMDAdmin\Desktop\TeamProject, 07-03-2016\WithTimer\GameTechnologies\GameTech CW\GameTech CW.vcxproj" on node 2 (Build target(s)).
     1>C:\Program Files (x86)\MSBuild\Microsoft.Cpp\v4.0\V120\Microsoft.CppBuild.targets(381,5): warning MSB8028: The intermediate directory (Debug\) contains files shared from another project (Tutorial1 - Integration.vcxproj).  This can lead to incorrect clean and rebuild behavior.
     1>ClCompile:
         C:\Program Files (x86)\Microsoft Visual Studio 12.0\VC\bin\CL.exe /c /I../../Qt/include /I../../FMOD/inc/ /ZI /nologo /W3 /WX- /sdl /Od /Oy- /D _MBCS /Gm /EHsc /RTC1 /MDd /GS /fp:precise /Zc:wchar_t /Zc:forScope /Fo"Debug\\" /Fd"Debug\vc120.pdb" /Gd /TP /analyze- /errorReport:prompt ..\..\ncltech\Audio.cpp MyScene.cpp main.cpp
         Audio.cpp
         Generating Code...
         Skipping... (no relevant changes detected)
         main.cpp
         MyScene.cpp
       Link:
         C:\Program Files (x86)\Microsoft Visual Studio 12.0\VC\bin\link.exe /ERRORREPORT:PROMPT /OUT:"C:\Users\CMDAdmin\Desktop\TeamProject, 07-03-2016\WithTimer\GameTechnologies\Debug\GameTech CW.exe" /INCREMENTAL /NOLOGO /LIBPATH:../Qt/lib /LIBPATH:../Qt/plugins/platforms /LIBPATH:../../FMOD/lib/ fmodL64_vc.lib fmodL_vc.lib fmod64_vc.lib fmod_vc.lib ncltech.lib nclgl.lib kernel32.lib user32.lib gdi32.lib winspool.lib comdlg32.lib advapi32.lib shell32.lib ole32.lib oleaut32.lib uuid.lib odbc32.lib odbccp32.lib qtmain.lib Qt5Core.lib Qt5Widgets.lib Qt5Gui.lib kernel32.lib user32.lib gdi32.lib winspool.lib comdlg32.lib advapi32.lib shell32.lib ole32.lib oleaut32.lib uuid.lib odbc32.lib odbccp32.lib /MANIFEST /MANIFESTUAC:"level='asInvoker' uiAccess='false'" /manifest:embed /DEBUG /PDB:"C:\Users\CMDAdmin\Desktop\TeamProject, 07-03-2016\WithTimer\GameTechnologies\Debug\GameTech CW.pdb" /TLBID:1 /DYNAMICBASE /NXCOMPAT /IMPLIB:"C:\Users\CMDAdmin\Desktop\TeamProject, 07-03-2016\WithTimer\GameTechnologies\Debug\GameTech CW.lib" /MACHINE:X86 Debug\Audio.obj
         Debug\dialog.obj
         Debug\main.obj
         Debug\mainwindow.obj
         Debug\MyScene.obj
         Debug\ParticleEmitter.obj
         Debug\moc_dialog.obj
         Debug\moc_mainwindow.obj
     1>ParticleEmitter.obj : warning LNK4049: locally defined symbol ___glewActiveTexture imported
     1>ncltech.lib(NCLDebug.obj) : warning LNK4049: locally defined symbol ___glewActiveTexture imported
     1>ncltech.lib(Scene.obj) : warning LNK4049: locally defined symbol ___glewActiveTexture imported
     1>ParticleEmitter.obj : warning LNK4049: locally defined symbol ___glewBindBuffer imported
     1>ncltech.lib(NCLDebug.obj) : warning LNK4049: locally defined symbol ___glewBindBuffer imported
     1>ParticleEmitter.obj : warning LNK4049: locally defined symbol ___glewBufferData imported
     1>ncltech.lib(NCLDebug.obj) : warning LNK4049: locally defined symbol ___glewBufferData imported
     1>ParticleEmitter.obj : warning LNK4049: locally defined symbol ___glewBufferSubData imported
     1>ncltech.lib(NCLDebug.obj) : warning LNK4049: locally defined symbol ___glewBufferSubData imported
     1>ParticleEmitter.obj : warning LNK4049: locally defined symbol ___glewDeleteBuffers imported
     1>ncltech.lib(NCLDebug.obj) : warning LNK4049: locally defined symbol ___glewDeleteBuffers imported
     1>ParticleEmitter.obj : warning LNK4049: locally defined symbol ___glewGenBuffers imported
     1>ncltech.lib(NCLDebug.obj) : warning LNK4049: locally defined symbol ___glewGenBuffers imported
     1>ParticleEmitter.obj : warning LNK4049: locally defined symbol ___glewEnableVertexAttribArray imported
     1>ncltech.lib(NCLDebug.obj) : warning LNK4049: locally defined symbol ___glewEnableVertexAttribArray imported
     1>ParticleEmitter.obj : warning LNK4049: locally defined symbol ___glewVertexAttribPointer imported
     1>ncltech.lib(NCLDebug.obj) : warning LNK4049: locally defined symbol ___glewVertexAttribPointer imported
     1>ParticleEmitter.obj : warning LNK4049: locally defined symbol ___glewBindVertexArray imported
     1>ncltech.lib(NCLDebug.obj) : warning LNK4049: locally defined symbol ___glewBindVertexArray imported
     1>ncltech.lib(NCLDebug.obj) : warning LNK4049: locally defined symbol ___glewGetUniformLocation imported
     1>ncltech.lib(Scene.obj) : warning LNK4217: locally defined symbol ___glewGetUniformLocation imported in function "protected: void __thiscall Scene::DrawParticleList(class ParticleEmitter *)" (?DrawParticleList@Scene@@IAEXPAVParticleEmitter@@@Z)
     1>ncltech.lib(NCLDebug.obj) : warning LNK4049: locally defined symbol ___glewUniform1f imported
     1>ncltech.lib(Scene.obj) : warning LNK4217: locally defined symbol ___glewUniform1f imported in function "protected: void __thiscall Scene::DrawParticleList(class ParticleEmitter *)" (?DrawParticleList@Scene@@IAEXPAVParticleEmitter@@@Z)
     1>ncltech.lib(NCLDebug.obj) : warning LNK4049: locally defined symbol ___glewUniform1i imported
     1>ncltech.lib(Scene.obj) : warning LNK4217: locally defined symbol ___glewUniform1i imported in function "protected: void __thiscall Scene::DrawParticleList(class ParticleEmitter *)" (?DrawParticleList@Scene@@IAEXPAVParticleEmitter@@@Z)
     1>ncltech.lib(NCLDebug.obj) : warning LNK4049: locally defined symbol ___glewUniformMatrix4fv imported
     1>ncltech.lib(Scene.obj) : warning LNK4217: locally defined symbol ___glewUniformMatrix4fv imported in function "protected: void __thiscall Scene::DrawParticleList(class ParticleEmitter *)" (?DrawParticleList@Scene@@IAEXPAVParticleEmitter@@@Z)
     1>ncltech.lib(NCLDebug.obj) : warning LNK4049: locally defined symbol ___glewUseProgram imported
     1>ncltech.lib(Scene.obj) : warning LNK4217: locally defined symbol ___glewUseProgram imported in function "protected: void __thiscall Scene::DrawParticleList(class ParticleEmitter *)" (?DrawParticleList@Scene@@IAEXPAVParticleEmitter@@@Z)
     1>ncltech.lib(NCLDebug.obj) : warning LNK4049: locally defined symbol ___glewDeleteVertexArrays imported
     1>ncltech.lib(NCLDebug.obj) : warning LNK4049: locally defined symbol ___glewGenVertexArrays imported
     1>ncltech.lib(Scene.obj) : warning LNK4049: locally defined symbol ___glewUniform3fv imported
     1>ncltech.lib(Scene.obj) : warning LNK4049: locally defined symbol ___glewUniform4fv imported
     1>ncltech.lib(Scene.obj) : warning LNK4049: locally defined symbol ___glewBindFramebuffer imported
     1>ncltech.lib(Scene.obj) : warning LNK4049: locally defined symbol ___glewBlitFramebuffer imported
     1>ncltech.lib(Scene.obj) : warning LNK4049: locally defined symbol ___glewCheckFramebufferStatus imported
     1>ncltech.lib(Scene.obj) : warning LNK4049: locally defined symbol ___glewDeleteFramebuffers imported
     1>ncltech.lib(Scene.obj) : warning LNK4049: locally defined symbol ___glewFramebufferTexture2D imported
     1>ncltech.lib(Scene.obj) : warning LNK4049: locally defined symbol ___glewGenFramebuffers imported
     1>ncltech.lib(Scene.obj) : warning LNK4049: locally defined symbol ___glewTexImage2DMultisample imported
     1>glew32.lib(glew.obj) : warning LNK4099: PDB 'vc120.pdb' was not found with 'glew32.lib(glew.obj)' or at 'C:\Users\CMDAdmin\Desktop\TeamProject, 07-03-2016\WithTimer\GameTechnologies\Debug\vc120.pdb'; linking object as if no debug info
     1>SOIL.lib(image_DXT.obj) : warning LNK4099: PDB 'vc120.pdb' was not found with 'SOIL.lib(image_DXT.obj)' or at 'C:\Users\CMDAdmin\Desktop\TeamProject, 07-03-2016\WithTimer\GameTechnologies\Debug\vc120.pdb'; linking object as if no debug info
     1>SOIL.lib(image_helper.obj) : warning LNK4099: PDB 'vc120.pdb' was not found with 'SOIL.lib(image_helper.obj)' or at 'C:\Users\CMDAdmin\Desktop\TeamProject, 07-03-2016\WithTimer\GameTechnologies\Debug\vc120.pdb'; linking object as if no debug info
     1>SOIL.lib(SOIL.obj) : warning LNK4099: PDB 'vc120.pdb' was not found with 'SOIL.lib(SOIL.obj)' or at 'C:\Users\CMDAdmin\Desktop\TeamProject, 07-03-2016\WithTimer\GameTechnologies\Debug\vc120.pdb'; linking object as if no debug info
     1>SOIL.lib(stb_image_aug.obj) : warning LNK4099: PDB 'vc120.pdb' was not found with 'SOIL.lib(stb_image_aug.obj)' or at 'C:\Users\CMDAdmin\Desktop\TeamProject, 07-03-2016\WithTimer\GameTechnologies\Debug\vc120.pdb'; linking object as if no debug info
         GameTech CW.vcxproj -> C:\Users\CMDAdmin\Desktop\TeamProject, 07-03-2016\WithTimer\GameTechnologies\Debug\GameTech CW.exe
     1>Done Building Project "C:\Users\CMDAdmin\Desktop\TeamProject, 07-03-2016\WithTimer\GameTechnologies\GameTech CW\GameTech CW.vcxproj" (Build target(s)).

Build succeeded.

Time Elapsed 00:00:01.39
