Build started 02/02/2016 18:09:45.
     1>Project "C:\Users\CMDAdmin\Desktop\CSC8503 Framework\Game Technologies\Tutorial3 - Solver\Tutorial3 - Solver.vcxproj" on node 2 (Build target(s)).
     1>Link:
         C:\Program Files (x86)\Microsoft Visual Studio 12.0\VC\bin\link.exe /ERRORREPORT:PROMPT /OUT:"C:\Users\CMDAdmin\Desktop\CSC8503 Framework\Game Technologies\Debug\Tutorial3 - Solver.exe" /INCREMENTAL /NOLOGO ncltech.lib nclgl.lib kernel32.lib user32.lib gdi32.lib winspool.lib comdlg32.lib advapi32.lib shell32.lib ole32.lib oleaut32.lib uuid.lib odbc32.lib odbccp32.lib kernel32.lib user32.lib gdi32.lib winspool.lib comdlg32.lib advapi32.lib shell32.lib ole32.lib oleaut32.lib uuid.lib odbc32.lib odbccp32.lib /MANIFEST /MANIFESTUAC:"level='asInvoker' uiAccess='false'" /manifest:embed /DEBUG /PDB:"C:\Users\CMDAdmin\Desktop\CSC8503 Framework\Game Technologies\Debug\Tutorial3 - Solver.pdb" /TLBID:1 /DYNAMICBASE /NXCOMPAT /IMPLIB:"C:\Users\CMDAdmin\Desktop\CSC8503 Framework\Game Technologies\Debug\Tutorial3 - Solver.lib" /MACHINE:X86 Debug\main.obj
         Debug\MyScene.obj
         Debug\Player.obj
     1>ncltech.lib(NCLDebug.obj) : warning LNK4049: locally defined symbol ___glewActiveTexture imported
     1>ncltech.lib(Scene.obj) : warning LNK4049: locally defined symbol ___glewActiveTexture imported
     1>ncltech.lib(NCLDebug.obj) : warning LNK4049: locally defined symbol ___glewBindBuffer imported
     1>ncltech.lib(NCLDebug.obj) : warning LNK4049: locally defined symbol ___glewBufferData imported
     1>ncltech.lib(NCLDebug.obj) : warning LNK4049: locally defined symbol ___glewBufferSubData imported
     1>ncltech.lib(NCLDebug.obj) : warning LNK4049: locally defined symbol ___glewDeleteBuffers imported
     1>ncltech.lib(NCLDebug.obj) : warning LNK4049: locally defined symbol ___glewGenBuffers imported
     1>ncltech.lib(NCLDebug.obj) : warning LNK4049: locally defined symbol ___glewEnableVertexAttribArray imported
     1>ncltech.lib(NCLDebug.obj) : warning LNK4049: locally defined symbol ___glewGetUniformLocation imported
     1>ncltech.lib(Scene.obj) : warning LNK4049: locally defined symbol ___glewGetUniformLocation imported
     1>ncltech.lib(NCLDebug.obj) : warning LNK4049: locally defined symbol ___glewUniform1f imported
     1>ncltech.lib(Scene.obj) : warning LNK4049: locally defined symbol ___glewUniform1f imported
     1>ncltech.lib(NCLDebug.obj) : warning LNK4049: locally defined symbol ___glewUniform1i imported
     1>ncltech.lib(Scene.obj) : warning LNK4049: locally defined symbol ___glewUniform1i imported
     1>ncltech.lib(NCLDebug.obj) : warning LNK4049: locally defined symbol ___glewUniformMatrix4fv imported
     1>ncltech.lib(Scene.obj) : warning LNK4049: locally defined symbol ___glewUniformMatrix4fv imported
     1>ncltech.lib(NCLDebug.obj) : warning LNK4049: locally defined symbol ___glewUseProgram imported
     1>ncltech.lib(Scene.obj) : warning LNK4049: locally defined symbol ___glewUseProgram imported
     1>ncltech.lib(NCLDebug.obj) : warning LNK4049: locally defined symbol ___glewVertexAttribPointer imported
     1>ncltech.lib(NCLDebug.obj) : warning LNK4049: locally defined symbol ___glewBindVertexArray imported
     1>ncltech.lib(NCLDebug.obj) : warning LNK4049: locally defined symbol ___glewDeleteVertexArrays imported
     1>ncltech.lib(NCLDebug.obj) : warning LNK4049: locally defined symbol ___glewGenVertexArrays imported
     1>ncltech.lib(Scene.obj) : warning LNK4049: locally defined symbol ___glewStencilOpSeparate imported
     1>ncltech.lib(Scene.obj) : warning LNK4049: locally defined symbol ___glewUniform3fv imported
     1>ncltech.lib(Scene.obj) : warning LNK4049: locally defined symbol ___glewUniform4fv imported
     1>ncltech.lib(Scene.obj) : warning LNK4049: locally defined symbol ___glewBindFramebuffer imported
     1>ncltech.lib(Scene.obj) : warning LNK4049: locally defined symbol ___glewBlitFramebuffer imported
     1>ncltech.lib(Scene.obj) : warning LNK4049: locally defined symbol ___glewCheckFramebufferStatus imported
     1>ncltech.lib(Scene.obj) : warning LNK4049: locally defined symbol ___glewDeleteFramebuffers imported
     1>ncltech.lib(Scene.obj) : warning LNK4049: locally defined symbol ___glewFramebufferTexture2D imported
     1>ncltech.lib(Scene.obj) : warning LNK4049: locally defined symbol ___glewGenFramebuffers imported
     1>ncltech.lib(Scene.obj) : warning LNK4049: locally defined symbol ___glewTexImage2DMultisample imported
     1>MyScene.obj : error LNK2019: unresolved external symbol __imp__PlaySoundA@12 referenced in function "public: void __thiscall MyScene::shootBall(void)" (?shootBall@MyScene@@QAEXXZ)
     1>Player.obj : error LNK2001: unresolved external symbol __imp__PlaySoundA@12
     1>ncltech.lib(PhysicsEngine.obj) : error LNK2001: unresolved external symbol __imp__PlaySoundA@12
     1>C:\Users\CMDAdmin\Desktop\CSC8503 Framework\Game Technologies\Debug\Tutorial3 - Solver.exe : fatal error LNK1120: 1 unresolved externals
     1>Done Building Project "C:\Users\CMDAdmin\Desktop\CSC8503 Framework\Game Technologies\Tutorial3 - Solver\Tutorial3 - Solver.vcxproj" (Build target(s)) -- FAILED.

Build FAILED.

Time Elapsed 00:00:00.16
