Build started 16/02/2016 16:04:47.
     1>Project "D:\Team Project\Team-Project-Newcastle\Team-Project-Newcastle-joe\Team-Project-Newcastle-Joe\Team-Project-Newcastle-Joe\Team-Project-Newcastle-Joe\GameTechCW\ncltech\ncltech.vcxproj" on node 2 (Build target(s)).
     1>ClCompile:
         C:\Program Files (x86)\Microsoft Visual Studio 12.0\VC\bin\CL.exe /c /ZI /nologo /W3 /WX- /sdl /Od /Oy- /D _MBCS /Gm /EHsc /RTC1 /MDd /GS /fp:precise /Zc:wchar_t /Zc:forScope /Fo"Debug\\" /Fd"Debug\vc120.pdb" /Gd /TP /analyze- /errorReport:prompt PhysicsEngine.cpp
         PhysicsEngine.cpp
     1>d:\team project\team-project-newcastle\team-project-newcastle-joe\team-project-newcastle-joe\team-project-newcastle-joe\team-project-newcastle-joe\gametechcw\ncltech\physicsengine.cpp(359): warning C4715: 'PhysicsEngine::OctreeCheck' : not all control paths return a value
       Lib:
         C:\Program Files (x86)\Microsoft Visual Studio 12.0\VC\bin\Lib.exe /OUT:"D:\Team Project\Team-Project-Newcastle\Team-Project-Newcastle-joe\Team-Project-Newcastle-Joe\Team-Project-Newcastle-Joe\Team-Project-Newcastle-Joe\GameTechCW\GameTechnologies\Debug\ncltech.lib" /NOLOGO Debug\ActionHandler.obj
         Debug\ArbitraryAI.obj
         Debug\AssetsManager.obj
         Debug\CollisionDetection.obj
         Debug\Constraint.obj
         Debug\CuboidCollisionShape.obj
         Debug\GameObjectMag.obj
         Debug\GuardState.obj
         Debug\HomeState.obj
         Debug\NCLDebug.obj
         Debug\GameObject.obj
         Debug\Hull.obj
         Debug\Manifold.obj
         Debug\OffState.obj
         Debug\PhysicsEngine.obj
         Debug\PhysicsObject.obj
         Debug\Player.obj
         Debug\Scene.obj
         Debug\SimpleMeshObject.obj
         Debug\SphereCollisionShape.obj
         ncltech.vcxproj -> D:\Team Project\Team-Project-Newcastle\Team-Project-Newcastle-joe\Team-Project-Newcastle-Joe\Team-Project-Newcastle-Joe\Team-Project-Newcastle-Joe\GameTechCW\GameTechnologies\Debug\ncltech.lib
     1>Done Building Project "D:\Team Project\Team-Project-Newcastle\Team-Project-Newcastle-joe\Team-Project-Newcastle-Joe\Team-Project-Newcastle-Joe\Team-Project-Newcastle-Joe\GameTechCW\ncltech\ncltech.vcxproj" (Build target(s)).

Build succeeded.

Time Elapsed 00:00:00.81
